[2025-07-16T13:00:47.704+0000] {processor.py:161} INFO - Started process (PID=57) to work on /opt/airflow/dags/hello_airflow_dag.py
[2025-07-16T13:00:47.706+0000] {processor.py:830} INFO - Processing file /opt/airflow/dags/hello_airflow_dag.py for tasks to queue
[2025-07-16T13:00:47.709+0000] {logging_mixin.py:188} INFO - [2025-07-16T13:00:47.709+0000] {dagbag.py:545} INFO - Filling up the DagBag from /opt/airflow/dags/hello_airflow_dag.py
[2025-07-16T13:00:47.734+0000] {processor.py:840} INFO - DAG(s) 'hello_airflow_dag' retrieved from /opt/airflow/dags/hello_airflow_dag.py
[2025-07-16T13:00:47.855+0000] {logging_mixin.py:188} INFO - [2025-07-16T13:00:47.855+0000] {dag.py:3096} INFO - Sync 1 DAGs
[2025-07-16T13:00:47.881+0000] {logging_mixin.py:188} INFO - [2025-07-16T13:00:47.880+0000] {dag.py:3954} INFO - Setting next_dagrun for hello_airflow_dag to 2025-07-16 00:00:00+00:00, run_after=2025-07-17 00:00:00+00:00
[2025-07-16T13:00:47.917+0000] {processor.py:183} INFO - Processing /opt/airflow/dags/hello_airflow_dag.py took 0.219 seconds
[2025-07-16T13:01:18.245+0000] {processor.py:161} INFO - Started process (PID=59) to work on /opt/airflow/dags/hello_airflow_dag.py
[2025-07-16T13:01:18.247+0000] {processor.py:830} INFO - Processing file /opt/airflow/dags/hello_airflow_dag.py for tasks to queue
[2025-07-16T13:01:18.251+0000] {logging_mixin.py:188} INFO - [2025-07-16T13:01:18.250+0000] {dagbag.py:545} INFO - Filling up the DagBag from /opt/airflow/dags/hello_airflow_dag.py
[2025-07-16T13:01:18.280+0000] {processor.py:840} INFO - DAG(s) 'hello_airflow_dag' retrieved from /opt/airflow/dags/hello_airflow_dag.py
[2025-07-16T13:01:18.315+0000] {logging_mixin.py:188} INFO - [2025-07-16T13:01:18.315+0000] {dag.py:3096} INFO - Sync 1 DAGs
[2025-07-16T13:01:18.341+0000] {logging_mixin.py:188} INFO - [2025-07-16T13:01:18.340+0000] {dag.py:3954} INFO - Setting next_dagrun for hello_airflow_dag to 2025-07-16 00:00:00+00:00, run_after=2025-07-17 00:00:00+00:00
[2025-07-16T13:01:18.369+0000] {processor.py:183} INFO - Processing /opt/airflow/dags/hello_airflow_dag.py took 0.133 seconds
[2025-07-16T13:01:48.647+0000] {processor.py:161} INFO - Started process (PID=61) to work on /opt/airflow/dags/hello_airflow_dag.py
[2025-07-16T13:01:48.649+0000] {processor.py:830} INFO - Processing file /opt/airflow/dags/hello_airflow_dag.py for tasks to queue
[2025-07-16T13:01:48.651+0000] {logging_mixin.py:188} INFO - [2025-07-16T13:01:48.651+0000] {dagbag.py:545} INFO - Filling up the DagBag from /opt/airflow/dags/hello_airflow_dag.py
[2025-07-16T13:01:48.678+0000] {processor.py:840} INFO - DAG(s) 'hello_airflow_dag' retrieved from /opt/airflow/dags/hello_airflow_dag.py
[2025-07-16T13:01:48.711+0000] {logging_mixin.py:188} INFO - [2025-07-16T13:01:48.711+0000] {dag.py:3096} INFO - Sync 1 DAGs
[2025-07-16T13:01:48.738+0000] {logging_mixin.py:188} INFO - [2025-07-16T13:01:48.738+0000] {dag.py:3954} INFO - Setting next_dagrun for hello_airflow_dag to 2025-07-16 00:00:00+00:00, run_after=2025-07-17 00:00:00+00:00
[2025-07-16T13:01:48.768+0000] {processor.py:183} INFO - Processing /opt/airflow/dags/hello_airflow_dag.py took 0.127 seconds
[2025-07-16T13:02:19.059+0000] {processor.py:161} INFO - Started process (PID=63) to work on /opt/airflow/dags/hello_airflow_dag.py
[2025-07-16T13:02:19.061+0000] {processor.py:830} INFO - Processing file /opt/airflow/dags/hello_airflow_dag.py for tasks to queue
[2025-07-16T13:02:19.063+0000] {logging_mixin.py:188} INFO - [2025-07-16T13:02:19.062+0000] {dagbag.py:545} INFO - Filling up the DagBag from /opt/airflow/dags/hello_airflow_dag.py
[2025-07-16T13:02:19.089+0000] {processor.py:840} INFO - DAG(s) 'hello_airflow_dag' retrieved from /opt/airflow/dags/hello_airflow_dag.py
[2025-07-16T13:02:19.119+0000] {logging_mixin.py:188} INFO - [2025-07-16T13:02:19.118+0000] {dag.py:3096} INFO - Sync 1 DAGs
[2025-07-16T13:02:19.146+0000] {logging_mixin.py:188} INFO - [2025-07-16T13:02:19.146+0000] {dag.py:3954} INFO - Setting next_dagrun for hello_airflow_dag to 2025-07-16 00:00:00+00:00, run_after=2025-07-17 00:00:00+00:00
[2025-07-16T13:02:19.179+0000] {processor.py:183} INFO - Processing /opt/airflow/dags/hello_airflow_dag.py took 0.126 seconds
[2025-07-16T13:02:49.495+0000] {processor.py:161} INFO - Started process (PID=65) to work on /opt/airflow/dags/hello_airflow_dag.py
[2025-07-16T13:02:49.497+0000] {processor.py:830} INFO - Processing file /opt/airflow/dags/hello_airflow_dag.py for tasks to queue
[2025-07-16T13:02:49.499+0000] {logging_mixin.py:188} INFO - [2025-07-16T13:02:49.499+0000] {dagbag.py:545} INFO - Filling up the DagBag from /opt/airflow/dags/hello_airflow_dag.py
[2025-07-16T13:02:49.525+0000] {processor.py:840} INFO - DAG(s) 'hello_airflow_dag' retrieved from /opt/airflow/dags/hello_airflow_dag.py
[2025-07-16T13:02:49.555+0000] {logging_mixin.py:188} INFO - [2025-07-16T13:02:49.555+0000] {dag.py:3096} INFO - Sync 1 DAGs
[2025-07-16T13:02:49.581+0000] {logging_mixin.py:188} INFO - [2025-07-16T13:02:49.581+0000] {dag.py:3954} INFO - Setting next_dagrun for hello_airflow_dag to 2025-07-16 00:00:00+00:00, run_after=2025-07-17 00:00:00+00:00
[2025-07-16T13:02:49.613+0000] {processor.py:183} INFO - Processing /opt/airflow/dags/hello_airflow_dag.py took 0.123 seconds
[2025-07-16T13:03:19.918+0000] {processor.py:161} INFO - Started process (PID=67) to work on /opt/airflow/dags/hello_airflow_dag.py
[2025-07-16T13:03:19.920+0000] {processor.py:830} INFO - Processing file /opt/airflow/dags/hello_airflow_dag.py for tasks to queue
[2025-07-16T13:03:19.923+0000] {logging_mixin.py:188} INFO - [2025-07-16T13:03:19.922+0000] {dagbag.py:545} INFO - Filling up the DagBag from /opt/airflow/dags/hello_airflow_dag.py
[2025-07-16T13:03:19.950+0000] {processor.py:840} INFO - DAG(s) 'hello_airflow_dag' retrieved from /opt/airflow/dags/hello_airflow_dag.py
[2025-07-16T13:03:19.981+0000] {logging_mixin.py:188} INFO - [2025-07-16T13:03:19.981+0000] {dag.py:3096} INFO - Sync 1 DAGs
[2025-07-16T13:03:20.008+0000] {logging_mixin.py:188} INFO - [2025-07-16T13:03:20.008+0000] {dag.py:3954} INFO - Setting next_dagrun for hello_airflow_dag to 2025-07-16 00:00:00+00:00, run_after=2025-07-17 00:00:00+00:00
[2025-07-16T13:03:20.039+0000] {processor.py:183} INFO - Processing /opt/airflow/dags/hello_airflow_dag.py took 0.128 seconds
[2025-07-16T13:03:50.355+0000] {processor.py:161} INFO - Started process (PID=69) to work on /opt/airflow/dags/hello_airflow_dag.py
[2025-07-16T13:03:50.357+0000] {processor.py:830} INFO - Processing file /opt/airflow/dags/hello_airflow_dag.py for tasks to queue
[2025-07-16T13:03:50.360+0000] {logging_mixin.py:188} INFO - [2025-07-16T13:03:50.360+0000] {dagbag.py:545} INFO - Filling up the DagBag from /opt/airflow/dags/hello_airflow_dag.py
[2025-07-16T13:03:50.386+0000] {processor.py:840} INFO - DAG(s) 'hello_airflow_dag' retrieved from /opt/airflow/dags/hello_airflow_dag.py
[2025-07-16T13:03:50.422+0000] {logging_mixin.py:188} INFO - [2025-07-16T13:03:50.422+0000] {dag.py:3096} INFO - Sync 1 DAGs
[2025-07-16T13:03:50.455+0000] {logging_mixin.py:188} INFO - [2025-07-16T13:03:50.454+0000] {dag.py:3954} INFO - Setting next_dagrun for hello_airflow_dag to 2025-07-16 00:00:00+00:00, run_after=2025-07-17 00:00:00+00:00
[2025-07-16T13:03:50.486+0000] {processor.py:183} INFO - Processing /opt/airflow/dags/hello_airflow_dag.py took 0.137 seconds
[2025-07-16T13:04:20.787+0000] {processor.py:161} INFO - Started process (PID=71) to work on /opt/airflow/dags/hello_airflow_dag.py
[2025-07-16T13:04:20.788+0000] {processor.py:830} INFO - Processing file /opt/airflow/dags/hello_airflow_dag.py for tasks to queue
[2025-07-16T13:04:20.792+0000] {logging_mixin.py:188} INFO - [2025-07-16T13:04:20.791+0000] {dagbag.py:545} INFO - Filling up the DagBag from /opt/airflow/dags/hello_airflow_dag.py
[2025-07-16T13:04:20.819+0000] {processor.py:840} INFO - DAG(s) 'hello_airflow_dag' retrieved from /opt/airflow/dags/hello_airflow_dag.py
[2025-07-16T13:04:20.856+0000] {logging_mixin.py:188} INFO - [2025-07-16T13:04:20.856+0000] {dag.py:3096} INFO - Sync 1 DAGs
[2025-07-16T13:04:20.895+0000] {logging_mixin.py:188} INFO - [2025-07-16T13:04:20.894+0000] {dag.py:3954} INFO - Setting next_dagrun for hello_airflow_dag to 2025-07-16 00:00:00+00:00, run_after=2025-07-17 00:00:00+00:00
[2025-07-16T13:04:20.925+0000] {processor.py:183} INFO - Processing /opt/airflow/dags/hello_airflow_dag.py took 0.146 seconds
[2025-07-16T13:04:51.229+0000] {processor.py:161} INFO - Started process (PID=73) to work on /opt/airflow/dags/hello_airflow_dag.py
[2025-07-16T13:04:51.232+0000] {processor.py:830} INFO - Processing file /opt/airflow/dags/hello_airflow_dag.py for tasks to queue
[2025-07-16T13:04:51.238+0000] {logging_mixin.py:188} INFO - [2025-07-16T13:04:51.237+0000] {dagbag.py:545} INFO - Filling up the DagBag from /opt/airflow/dags/hello_airflow_dag.py
[2025-07-16T13:04:51.318+0000] {processor.py:840} INFO - DAG(s) 'hello_airflow_dag' retrieved from /opt/airflow/dags/hello_airflow_dag.py
[2025-07-16T13:04:51.420+0000] {logging_mixin.py:188} INFO - [2025-07-16T13:04:51.420+0000] {dag.py:3096} INFO - Sync 1 DAGs
[2025-07-16T13:04:51.532+0000] {logging_mixin.py:188} INFO - [2025-07-16T13:04:51.532+0000] {dag.py:3954} INFO - Setting next_dagrun for hello_airflow_dag to 2025-07-16 00:00:00+00:00, run_after=2025-07-17 00:00:00+00:00
[2025-07-16T13:04:51.610+0000] {processor.py:183} INFO - Processing /opt/airflow/dags/hello_airflow_dag.py took 0.397 seconds
