[2025-07-16T12:29:13.498+0000] {processor.py:161} INFO - Started process (PID=33) to work on /opt/airflow/dags/kafka_to_mysql_dag.py
[2025-07-16T12:29:13.500+0000] {processor.py:830} INFO - Processing file /opt/airflow/dags/kafka_to_mysql_dag.py for tasks to queue
[2025-07-16T12:29:13.504+0000] {logging_mixin.py:188} INFO - [2025-07-16T12:29:13.503+0000] {dagbag.py:545} INFO - Filling up the DagBag from /opt/airflow/dags/kafka_to_mysql_dag.py
[2025-07-16T12:29:13.533+0000] {logging_mixin.py:188} INFO - [2025-07-16T12:29:13.528+0000] {dagbag.py:355} ERROR - Failed to import: /opt/airflow/dags/kafka_to_mysql_dag.py
Traceback (most recent call last):
  File "/home/airflow/.local/lib/python3.10/site-packages/airflow/models/dagbag.py", line 351, in parse
    loader.exec_module(new_module)
  File "<frozen importlib._bootstrap_external>", line 883, in exec_module
  File "<frozen importlib._bootstrap>", line 241, in _call_with_frames_removed
  File "/opt/airflow/dags/kafka_to_mysql_dag.py", line 4, in <module>
    from kafka import KafkaConsumer
ModuleNotFoundError: No module named 'kafka'
[2025-07-16T12:29:13.535+0000] {processor.py:842} WARNING - No viable dags retrieved from /opt/airflow/dags/kafka_to_mysql_dag.py
[2025-07-16T12:29:13.568+0000] {processor.py:183} INFO - Processing /opt/airflow/dags/kafka_to_mysql_dag.py took 0.079 seconds
[2025-07-16T12:29:43.791+0000] {processor.py:161} INFO - Started process (PID=34) to work on /opt/airflow/dags/kafka_to_mysql_dag.py
[2025-07-16T12:29:43.793+0000] {processor.py:830} INFO - Processing file /opt/airflow/dags/kafka_to_mysql_dag.py for tasks to queue
[2025-07-16T12:29:43.797+0000] {logging_mixin.py:188} INFO - [2025-07-16T12:29:43.797+0000] {dagbag.py:545} INFO - Filling up the DagBag from /opt/airflow/dags/kafka_to_mysql_dag.py
[2025-07-16T12:29:43.821+0000] {logging_mixin.py:188} INFO - [2025-07-16T12:29:43.817+0000] {dagbag.py:355} ERROR - Failed to import: /opt/airflow/dags/kafka_to_mysql_dag.py
Traceback (most recent call last):
  File "/home/airflow/.local/lib/python3.10/site-packages/airflow/models/dagbag.py", line 351, in parse
    loader.exec_module(new_module)
  File "<frozen importlib._bootstrap_external>", line 883, in exec_module
  File "<frozen importlib._bootstrap>", line 241, in _call_with_frames_removed
  File "/opt/airflow/dags/kafka_to_mysql_dag.py", line 4, in <module>
    from kafka import KafkaConsumer
ModuleNotFoundError: No module named 'kafka'
[2025-07-16T12:29:43.823+0000] {processor.py:842} WARNING - No viable dags retrieved from /opt/airflow/dags/kafka_to_mysql_dag.py
[2025-07-16T12:29:43.855+0000] {processor.py:183} INFO - Processing /opt/airflow/dags/kafka_to_mysql_dag.py took 0.073 seconds
[2025-07-16T12:30:14.025+0000] {processor.py:161} INFO - Started process (PID=35) to work on /opt/airflow/dags/kafka_to_mysql_dag.py
[2025-07-16T12:30:14.026+0000] {processor.py:830} INFO - Processing file /opt/airflow/dags/kafka_to_mysql_dag.py for tasks to queue
[2025-07-16T12:30:14.033+0000] {logging_mixin.py:188} INFO - [2025-07-16T12:30:14.033+0000] {dagbag.py:545} INFO - Filling up the DagBag from /opt/airflow/dags/kafka_to_mysql_dag.py
[2025-07-16T12:30:14.059+0000] {logging_mixin.py:188} INFO - [2025-07-16T12:30:14.055+0000] {dagbag.py:355} ERROR - Failed to import: /opt/airflow/dags/kafka_to_mysql_dag.py
Traceback (most recent call last):
  File "/home/airflow/.local/lib/python3.10/site-packages/airflow/models/dagbag.py", line 351, in parse
    loader.exec_module(new_module)
  File "<frozen importlib._bootstrap_external>", line 883, in exec_module
  File "<frozen importlib._bootstrap>", line 241, in _call_with_frames_removed
  File "/opt/airflow/dags/kafka_to_mysql_dag.py", line 4, in <module>
    from kafka import KafkaConsumer
ModuleNotFoundError: No module named 'kafka'
[2025-07-16T12:30:14.062+0000] {processor.py:842} WARNING - No viable dags retrieved from /opt/airflow/dags/kafka_to_mysql_dag.py
[2025-07-16T12:30:14.092+0000] {processor.py:183} INFO - Processing /opt/airflow/dags/kafka_to_mysql_dag.py took 0.074 seconds
[2025-07-16T12:30:44.311+0000] {processor.py:161} INFO - Started process (PID=36) to work on /opt/airflow/dags/kafka_to_mysql_dag.py
[2025-07-16T12:30:44.312+0000] {processor.py:830} INFO - Processing file /opt/airflow/dags/kafka_to_mysql_dag.py for tasks to queue
[2025-07-16T12:30:44.315+0000] {logging_mixin.py:188} INFO - [2025-07-16T12:30:44.315+0000] {dagbag.py:545} INFO - Filling up the DagBag from /opt/airflow/dags/kafka_to_mysql_dag.py
[2025-07-16T12:30:44.336+0000] {logging_mixin.py:188} INFO - [2025-07-16T12:30:44.332+0000] {dagbag.py:355} ERROR - Failed to import: /opt/airflow/dags/kafka_to_mysql_dag.py
Traceback (most recent call last):
  File "/home/airflow/.local/lib/python3.10/site-packages/airflow/models/dagbag.py", line 351, in parse
    loader.exec_module(new_module)
  File "<frozen importlib._bootstrap_external>", line 883, in exec_module
  File "<frozen importlib._bootstrap>", line 241, in _call_with_frames_removed
  File "/opt/airflow/dags/kafka_to_mysql_dag.py", line 4, in <module>
    from kafka import KafkaConsumer
ModuleNotFoundError: No module named 'kafka'
[2025-07-16T12:30:44.339+0000] {processor.py:842} WARNING - No viable dags retrieved from /opt/airflow/dags/kafka_to_mysql_dag.py
[2025-07-16T12:30:44.369+0000] {processor.py:183} INFO - Processing /opt/airflow/dags/kafka_to_mysql_dag.py took 0.063 seconds
[2025-07-16T12:31:14.558+0000] {processor.py:161} INFO - Started process (PID=37) to work on /opt/airflow/dags/kafka_to_mysql_dag.py
[2025-07-16T12:31:14.559+0000] {processor.py:830} INFO - Processing file /opt/airflow/dags/kafka_to_mysql_dag.py for tasks to queue
[2025-07-16T12:31:14.563+0000] {logging_mixin.py:188} INFO - [2025-07-16T12:31:14.562+0000] {dagbag.py:545} INFO - Filling up the DagBag from /opt/airflow/dags/kafka_to_mysql_dag.py
[2025-07-16T12:31:14.588+0000] {logging_mixin.py:188} INFO - [2025-07-16T12:31:14.584+0000] {dagbag.py:355} ERROR - Failed to import: /opt/airflow/dags/kafka_to_mysql_dag.py
Traceback (most recent call last):
  File "/home/airflow/.local/lib/python3.10/site-packages/airflow/models/dagbag.py", line 351, in parse
    loader.exec_module(new_module)
  File "<frozen importlib._bootstrap_external>", line 883, in exec_module
  File "<frozen importlib._bootstrap>", line 241, in _call_with_frames_removed
  File "/opt/airflow/dags/kafka_to_mysql_dag.py", line 4, in <module>
    from kafka import KafkaConsumer
ModuleNotFoundError: No module named 'kafka'
[2025-07-16T12:31:14.590+0000] {processor.py:842} WARNING - No viable dags retrieved from /opt/airflow/dags/kafka_to_mysql_dag.py
[2025-07-16T12:31:14.615+0000] {processor.py:183} INFO - Processing /opt/airflow/dags/kafka_to_mysql_dag.py took 0.066 seconds
[2025-07-16T12:31:44.821+0000] {processor.py:161} INFO - Started process (PID=38) to work on /opt/airflow/dags/kafka_to_mysql_dag.py
[2025-07-16T12:31:44.822+0000] {processor.py:830} INFO - Processing file /opt/airflow/dags/kafka_to_mysql_dag.py for tasks to queue
[2025-07-16T12:31:44.825+0000] {logging_mixin.py:188} INFO - [2025-07-16T12:31:44.824+0000] {dagbag.py:545} INFO - Filling up the DagBag from /opt/airflow/dags/kafka_to_mysql_dag.py
[2025-07-16T12:31:44.850+0000] {logging_mixin.py:188} INFO - [2025-07-16T12:31:44.844+0000] {dagbag.py:355} ERROR - Failed to import: /opt/airflow/dags/kafka_to_mysql_dag.py
Traceback (most recent call last):
  File "/home/airflow/.local/lib/python3.10/site-packages/airflow/models/dagbag.py", line 351, in parse
    loader.exec_module(new_module)
  File "<frozen importlib._bootstrap_external>", line 883, in exec_module
  File "<frozen importlib._bootstrap>", line 241, in _call_with_frames_removed
  File "/opt/airflow/dags/kafka_to_mysql_dag.py", line 4, in <module>
    from kafka import KafkaConsumer
ModuleNotFoundError: No module named 'kafka'
[2025-07-16T12:31:44.852+0000] {processor.py:842} WARNING - No viable dags retrieved from /opt/airflow/dags/kafka_to_mysql_dag.py
[2025-07-16T12:31:44.881+0000] {processor.py:183} INFO - Processing /opt/airflow/dags/kafka_to_mysql_dag.py took 0.065 seconds
[2025-07-16T12:32:15.065+0000] {processor.py:161} INFO - Started process (PID=39) to work on /opt/airflow/dags/kafka_to_mysql_dag.py
[2025-07-16T12:32:15.067+0000] {processor.py:830} INFO - Processing file /opt/airflow/dags/kafka_to_mysql_dag.py for tasks to queue
[2025-07-16T12:32:15.070+0000] {logging_mixin.py:188} INFO - [2025-07-16T12:32:15.070+0000] {dagbag.py:545} INFO - Filling up the DagBag from /opt/airflow/dags/kafka_to_mysql_dag.py
[2025-07-16T12:32:15.093+0000] {logging_mixin.py:188} INFO - [2025-07-16T12:32:15.089+0000] {dagbag.py:355} ERROR - Failed to import: /opt/airflow/dags/kafka_to_mysql_dag.py
Traceback (most recent call last):
  File "/home/airflow/.local/lib/python3.10/site-packages/airflow/models/dagbag.py", line 351, in parse
    loader.exec_module(new_module)
  File "<frozen importlib._bootstrap_external>", line 883, in exec_module
  File "<frozen importlib._bootstrap>", line 241, in _call_with_frames_removed
  File "/opt/airflow/dags/kafka_to_mysql_dag.py", line 4, in <module>
    from kafka import KafkaConsumer
ModuleNotFoundError: No module named 'kafka'
[2025-07-16T12:32:15.095+0000] {processor.py:842} WARNING - No viable dags retrieved from /opt/airflow/dags/kafka_to_mysql_dag.py
[2025-07-16T12:32:15.122+0000] {processor.py:183} INFO - Processing /opt/airflow/dags/kafka_to_mysql_dag.py took 0.069 seconds
[2025-07-16T12:32:45.339+0000] {processor.py:161} INFO - Started process (PID=40) to work on /opt/airflow/dags/kafka_to_mysql_dag.py
[2025-07-16T12:32:45.340+0000] {processor.py:830} INFO - Processing file /opt/airflow/dags/kafka_to_mysql_dag.py for tasks to queue
[2025-07-16T12:32:45.344+0000] {logging_mixin.py:188} INFO - [2025-07-16T12:32:45.343+0000] {dagbag.py:545} INFO - Filling up the DagBag from /opt/airflow/dags/kafka_to_mysql_dag.py
[2025-07-16T12:32:45.372+0000] {logging_mixin.py:188} INFO - [2025-07-16T12:32:45.366+0000] {dagbag.py:355} ERROR - Failed to import: /opt/airflow/dags/kafka_to_mysql_dag.py
Traceback (most recent call last):
  File "/home/airflow/.local/lib/python3.10/site-packages/airflow/models/dagbag.py", line 351, in parse
    loader.exec_module(new_module)
  File "<frozen importlib._bootstrap_external>", line 883, in exec_module
  File "<frozen importlib._bootstrap>", line 241, in _call_with_frames_removed
  File "/opt/airflow/dags/kafka_to_mysql_dag.py", line 4, in <module>
    from kafka import KafkaConsumer
ModuleNotFoundError: No module named 'kafka'
[2025-07-16T12:32:45.374+0000] {processor.py:842} WARNING - No viable dags retrieved from /opt/airflow/dags/kafka_to_mysql_dag.py
[2025-07-16T12:32:45.406+0000] {processor.py:183} INFO - Processing /opt/airflow/dags/kafka_to_mysql_dag.py took 0.074 seconds
[2025-07-16T12:33:15.597+0000] {processor.py:161} INFO - Started process (PID=41) to work on /opt/airflow/dags/kafka_to_mysql_dag.py
[2025-07-16T12:33:15.598+0000] {processor.py:830} INFO - Processing file /opt/airflow/dags/kafka_to_mysql_dag.py for tasks to queue
[2025-07-16T12:33:15.603+0000] {logging_mixin.py:188} INFO - [2025-07-16T12:33:15.602+0000] {dagbag.py:545} INFO - Filling up the DagBag from /opt/airflow/dags/kafka_to_mysql_dag.py
[2025-07-16T12:33:15.626+0000] {logging_mixin.py:188} INFO - [2025-07-16T12:33:15.621+0000] {dagbag.py:355} ERROR - Failed to import: /opt/airflow/dags/kafka_to_mysql_dag.py
Traceback (most recent call last):
  File "/home/airflow/.local/lib/python3.10/site-packages/airflow/models/dagbag.py", line 351, in parse
    loader.exec_module(new_module)
  File "<frozen importlib._bootstrap_external>", line 883, in exec_module
  File "<frozen importlib._bootstrap>", line 241, in _call_with_frames_removed
  File "/opt/airflow/dags/kafka_to_mysql_dag.py", line 4, in <module>
    from kafka import KafkaConsumer
ModuleNotFoundError: No module named 'kafka'
[2025-07-16T12:33:15.628+0000] {processor.py:842} WARNING - No viable dags retrieved from /opt/airflow/dags/kafka_to_mysql_dag.py
[2025-07-16T12:33:15.654+0000] {processor.py:183} INFO - Processing /opt/airflow/dags/kafka_to_mysql_dag.py took 0.066 seconds
[2025-07-16T12:33:45.860+0000] {processor.py:161} INFO - Started process (PID=42) to work on /opt/airflow/dags/kafka_to_mysql_dag.py
[2025-07-16T12:33:45.862+0000] {processor.py:830} INFO - Processing file /opt/airflow/dags/kafka_to_mysql_dag.py for tasks to queue
[2025-07-16T12:33:45.865+0000] {logging_mixin.py:188} INFO - [2025-07-16T12:33:45.864+0000] {dagbag.py:545} INFO - Filling up the DagBag from /opt/airflow/dags/kafka_to_mysql_dag.py
[2025-07-16T12:33:45.890+0000] {logging_mixin.py:188} INFO - [2025-07-16T12:33:45.885+0000] {dagbag.py:355} ERROR - Failed to import: /opt/airflow/dags/kafka_to_mysql_dag.py
Traceback (most recent call last):
  File "/home/airflow/.local/lib/python3.10/site-packages/airflow/models/dagbag.py", line 351, in parse
    loader.exec_module(new_module)
  File "<frozen importlib._bootstrap_external>", line 883, in exec_module
  File "<frozen importlib._bootstrap>", line 241, in _call_with_frames_removed
  File "/opt/airflow/dags/kafka_to_mysql_dag.py", line 4, in <module>
    from kafka import KafkaConsumer
ModuleNotFoundError: No module named 'kafka'
[2025-07-16T12:33:45.893+0000] {processor.py:842} WARNING - No viable dags retrieved from /opt/airflow/dags/kafka_to_mysql_dag.py
[2025-07-16T12:33:45.924+0000] {processor.py:183} INFO - Processing /opt/airflow/dags/kafka_to_mysql_dag.py took 0.072 seconds
[2025-07-16T12:34:16.151+0000] {processor.py:161} INFO - Started process (PID=43) to work on /opt/airflow/dags/kafka_to_mysql_dag.py
[2025-07-16T12:34:16.153+0000] {processor.py:830} INFO - Processing file /opt/airflow/dags/kafka_to_mysql_dag.py for tasks to queue
[2025-07-16T12:34:16.155+0000] {logging_mixin.py:188} INFO - [2025-07-16T12:34:16.155+0000] {dagbag.py:545} INFO - Filling up the DagBag from /opt/airflow/dags/kafka_to_mysql_dag.py
[2025-07-16T12:34:16.179+0000] {logging_mixin.py:188} INFO - [2025-07-16T12:34:16.174+0000] {dagbag.py:355} ERROR - Failed to import: /opt/airflow/dags/kafka_to_mysql_dag.py
Traceback (most recent call last):
  File "/home/airflow/.local/lib/python3.10/site-packages/airflow/models/dagbag.py", line 351, in parse
    loader.exec_module(new_module)
  File "<frozen importlib._bootstrap_external>", line 883, in exec_module
  File "<frozen importlib._bootstrap>", line 241, in _call_with_frames_removed
  File "/opt/airflow/dags/kafka_to_mysql_dag.py", line 4, in <module>
    from kafka import KafkaConsumer
ModuleNotFoundError: No module named 'kafka'
[2025-07-16T12:34:16.180+0000] {processor.py:842} WARNING - No viable dags retrieved from /opt/airflow/dags/kafka_to_mysql_dag.py
[2025-07-16T12:34:16.203+0000] {processor.py:183} INFO - Processing /opt/airflow/dags/kafka_to_mysql_dag.py took 0.057 seconds
[2025-07-16T12:34:46.395+0000] {processor.py:161} INFO - Started process (PID=44) to work on /opt/airflow/dags/kafka_to_mysql_dag.py
[2025-07-16T12:34:46.397+0000] {processor.py:830} INFO - Processing file /opt/airflow/dags/kafka_to_mysql_dag.py for tasks to queue
[2025-07-16T12:34:46.399+0000] {logging_mixin.py:188} INFO - [2025-07-16T12:34:46.399+0000] {dagbag.py:545} INFO - Filling up the DagBag from /opt/airflow/dags/kafka_to_mysql_dag.py
[2025-07-16T12:34:46.423+0000] {logging_mixin.py:188} INFO - [2025-07-16T12:34:46.418+0000] {dagbag.py:355} ERROR - Failed to import: /opt/airflow/dags/kafka_to_mysql_dag.py
Traceback (most recent call last):
  File "/home/airflow/.local/lib/python3.10/site-packages/airflow/models/dagbag.py", line 351, in parse
    loader.exec_module(new_module)
  File "<frozen importlib._bootstrap_external>", line 883, in exec_module
  File "<frozen importlib._bootstrap>", line 241, in _call_with_frames_removed
  File "/opt/airflow/dags/kafka_to_mysql_dag.py", line 4, in <module>
    from kafka import KafkaConsumer
ModuleNotFoundError: No module named 'kafka'
[2025-07-16T12:34:46.424+0000] {processor.py:842} WARNING - No viable dags retrieved from /opt/airflow/dags/kafka_to_mysql_dag.py
[2025-07-16T12:34:46.450+0000] {processor.py:183} INFO - Processing /opt/airflow/dags/kafka_to_mysql_dag.py took 0.060 seconds
[2025-07-16T12:35:16.673+0000] {processor.py:161} INFO - Started process (PID=45) to work on /opt/airflow/dags/kafka_to_mysql_dag.py
[2025-07-16T12:35:16.675+0000] {processor.py:830} INFO - Processing file /opt/airflow/dags/kafka_to_mysql_dag.py for tasks to queue
[2025-07-16T12:35:16.678+0000] {logging_mixin.py:188} INFO - [2025-07-16T12:35:16.677+0000] {dagbag.py:545} INFO - Filling up the DagBag from /opt/airflow/dags/kafka_to_mysql_dag.py
[2025-07-16T12:35:16.703+0000] {logging_mixin.py:188} INFO - [2025-07-16T12:35:16.698+0000] {dagbag.py:355} ERROR - Failed to import: /opt/airflow/dags/kafka_to_mysql_dag.py
Traceback (most recent call last):
  File "/home/airflow/.local/lib/python3.10/site-packages/airflow/models/dagbag.py", line 351, in parse
    loader.exec_module(new_module)
  File "<frozen importlib._bootstrap_external>", line 883, in exec_module
  File "<frozen importlib._bootstrap>", line 241, in _call_with_frames_removed
  File "/opt/airflow/dags/kafka_to_mysql_dag.py", line 4, in <module>
    from kafka import KafkaConsumer
ModuleNotFoundError: No module named 'kafka'
[2025-07-16T12:35:16.705+0000] {processor.py:842} WARNING - No viable dags retrieved from /opt/airflow/dags/kafka_to_mysql_dag.py
[2025-07-16T12:35:16.730+0000] {processor.py:183} INFO - Processing /opt/airflow/dags/kafka_to_mysql_dag.py took 0.063 seconds
[2025-07-16T12:35:46.908+0000] {processor.py:161} INFO - Started process (PID=46) to work on /opt/airflow/dags/kafka_to_mysql_dag.py
[2025-07-16T12:35:46.910+0000] {processor.py:830} INFO - Processing file /opt/airflow/dags/kafka_to_mysql_dag.py for tasks to queue
[2025-07-16T12:35:46.913+0000] {logging_mixin.py:188} INFO - [2025-07-16T12:35:46.913+0000] {dagbag.py:545} INFO - Filling up the DagBag from /opt/airflow/dags/kafka_to_mysql_dag.py
[2025-07-16T12:35:46.937+0000] {logging_mixin.py:188} INFO - [2025-07-16T12:35:46.933+0000] {dagbag.py:355} ERROR - Failed to import: /opt/airflow/dags/kafka_to_mysql_dag.py
Traceback (most recent call last):
  File "/home/airflow/.local/lib/python3.10/site-packages/airflow/models/dagbag.py", line 351, in parse
    loader.exec_module(new_module)
  File "<frozen importlib._bootstrap_external>", line 883, in exec_module
  File "<frozen importlib._bootstrap>", line 241, in _call_with_frames_removed
  File "/opt/airflow/dags/kafka_to_mysql_dag.py", line 4, in <module>
    from kafka import KafkaConsumer
ModuleNotFoundError: No module named 'kafka'
[2025-07-16T12:35:46.939+0000] {processor.py:842} WARNING - No viable dags retrieved from /opt/airflow/dags/kafka_to_mysql_dag.py
[2025-07-16T12:35:46.967+0000] {processor.py:183} INFO - Processing /opt/airflow/dags/kafka_to_mysql_dag.py took 0.064 seconds
[2025-07-16T12:36:17.181+0000] {processor.py:161} INFO - Started process (PID=47) to work on /opt/airflow/dags/kafka_to_mysql_dag.py
[2025-07-16T12:36:17.182+0000] {processor.py:830} INFO - Processing file /opt/airflow/dags/kafka_to_mysql_dag.py for tasks to queue
[2025-07-16T12:36:17.185+0000] {logging_mixin.py:188} INFO - [2025-07-16T12:36:17.185+0000] {dagbag.py:545} INFO - Filling up the DagBag from /opt/airflow/dags/kafka_to_mysql_dag.py
[2025-07-16T12:36:17.211+0000] {logging_mixin.py:188} INFO - [2025-07-16T12:36:17.206+0000] {dagbag.py:355} ERROR - Failed to import: /opt/airflow/dags/kafka_to_mysql_dag.py
Traceback (most recent call last):
  File "/home/airflow/.local/lib/python3.10/site-packages/airflow/models/dagbag.py", line 351, in parse
    loader.exec_module(new_module)
  File "<frozen importlib._bootstrap_external>", line 883, in exec_module
  File "<frozen importlib._bootstrap>", line 241, in _call_with_frames_removed
  File "/opt/airflow/dags/kafka_to_mysql_dag.py", line 4, in <module>
    from kafka import KafkaConsumer
ModuleNotFoundError: No module named 'kafka'
[2025-07-16T12:36:17.212+0000] {processor.py:842} WARNING - No viable dags retrieved from /opt/airflow/dags/kafka_to_mysql_dag.py
[2025-07-16T12:36:17.240+0000] {processor.py:183} INFO - Processing /opt/airflow/dags/kafka_to_mysql_dag.py took 0.065 seconds
[2025-07-16T12:36:47.406+0000] {processor.py:161} INFO - Started process (PID=48) to work on /opt/airflow/dags/kafka_to_mysql_dag.py
[2025-07-16T12:36:47.407+0000] {processor.py:830} INFO - Processing file /opt/airflow/dags/kafka_to_mysql_dag.py for tasks to queue
[2025-07-16T12:36:47.411+0000] {logging_mixin.py:188} INFO - [2025-07-16T12:36:47.411+0000] {dagbag.py:545} INFO - Filling up the DagBag from /opt/airflow/dags/kafka_to_mysql_dag.py
[2025-07-16T12:36:47.440+0000] {logging_mixin.py:188} INFO - [2025-07-16T12:36:47.435+0000] {dagbag.py:355} ERROR - Failed to import: /opt/airflow/dags/kafka_to_mysql_dag.py
Traceback (most recent call last):
  File "/home/airflow/.local/lib/python3.10/site-packages/airflow/models/dagbag.py", line 351, in parse
    loader.exec_module(new_module)
  File "<frozen importlib._bootstrap_external>", line 883, in exec_module
  File "<frozen importlib._bootstrap>", line 241, in _call_with_frames_removed
  File "/opt/airflow/dags/kafka_to_mysql_dag.py", line 4, in <module>
    from kafka import KafkaConsumer
ModuleNotFoundError: No module named 'kafka'
[2025-07-16T12:36:47.442+0000] {processor.py:842} WARNING - No viable dags retrieved from /opt/airflow/dags/kafka_to_mysql_dag.py
[2025-07-16T12:36:47.467+0000] {processor.py:183} INFO - Processing /opt/airflow/dags/kafka_to_mysql_dag.py took 0.067 seconds
[2025-07-16T12:37:17.682+0000] {processor.py:161} INFO - Started process (PID=49) to work on /opt/airflow/dags/kafka_to_mysql_dag.py
[2025-07-16T12:37:17.684+0000] {processor.py:830} INFO - Processing file /opt/airflow/dags/kafka_to_mysql_dag.py for tasks to queue
[2025-07-16T12:37:17.687+0000] {logging_mixin.py:188} INFO - [2025-07-16T12:37:17.687+0000] {dagbag.py:545} INFO - Filling up the DagBag from /opt/airflow/dags/kafka_to_mysql_dag.py
[2025-07-16T12:37:17.709+0000] {logging_mixin.py:188} INFO - [2025-07-16T12:37:17.705+0000] {dagbag.py:355} ERROR - Failed to import: /opt/airflow/dags/kafka_to_mysql_dag.py
Traceback (most recent call last):
  File "/home/airflow/.local/lib/python3.10/site-packages/airflow/models/dagbag.py", line 351, in parse
    loader.exec_module(new_module)
  File "<frozen importlib._bootstrap_external>", line 883, in exec_module
  File "<frozen importlib._bootstrap>", line 241, in _call_with_frames_removed
  File "/opt/airflow/dags/kafka_to_mysql_dag.py", line 4, in <module>
    from kafka import KafkaConsumer
ModuleNotFoundError: No module named 'kafka'
[2025-07-16T12:37:17.711+0000] {processor.py:842} WARNING - No viable dags retrieved from /opt/airflow/dags/kafka_to_mysql_dag.py
[2025-07-16T12:37:17.735+0000] {processor.py:183} INFO - Processing /opt/airflow/dags/kafka_to_mysql_dag.py took 0.059 seconds
[2025-07-16T12:37:47.968+0000] {processor.py:161} INFO - Started process (PID=50) to work on /opt/airflow/dags/kafka_to_mysql_dag.py
[2025-07-16T12:37:47.970+0000] {processor.py:830} INFO - Processing file /opt/airflow/dags/kafka_to_mysql_dag.py for tasks to queue
[2025-07-16T12:37:47.974+0000] {logging_mixin.py:188} INFO - [2025-07-16T12:37:47.973+0000] {dagbag.py:545} INFO - Filling up the DagBag from /opt/airflow/dags/kafka_to_mysql_dag.py
[2025-07-16T12:37:48.010+0000] {logging_mixin.py:188} INFO - [2025-07-16T12:37:48.003+0000] {dagbag.py:355} ERROR - Failed to import: /opt/airflow/dags/kafka_to_mysql_dag.py
Traceback (most recent call last):
  File "/home/airflow/.local/lib/python3.10/site-packages/airflow/models/dagbag.py", line 351, in parse
    loader.exec_module(new_module)
  File "<frozen importlib._bootstrap_external>", line 883, in exec_module
  File "<frozen importlib._bootstrap>", line 241, in _call_with_frames_removed
  File "/opt/airflow/dags/kafka_to_mysql_dag.py", line 4, in <module>
    from kafka import KafkaConsumer
ModuleNotFoundError: No module named 'kafka'
[2025-07-16T12:37:48.013+0000] {processor.py:842} WARNING - No viable dags retrieved from /opt/airflow/dags/kafka_to_mysql_dag.py
[2025-07-16T12:37:48.049+0000] {processor.py:183} INFO - Processing /opt/airflow/dags/kafka_to_mysql_dag.py took 0.094 seconds
[2025-07-16T12:38:18.180+0000] {processor.py:161} INFO - Started process (PID=51) to work on /opt/airflow/dags/kafka_to_mysql_dag.py
[2025-07-16T12:38:18.181+0000] {processor.py:830} INFO - Processing file /opt/airflow/dags/kafka_to_mysql_dag.py for tasks to queue
[2025-07-16T12:38:18.184+0000] {logging_mixin.py:188} INFO - [2025-07-16T12:38:18.183+0000] {dagbag.py:545} INFO - Filling up the DagBag from /opt/airflow/dags/kafka_to_mysql_dag.py
[2025-07-16T12:38:18.207+0000] {logging_mixin.py:188} INFO - [2025-07-16T12:38:18.203+0000] {dagbag.py:355} ERROR - Failed to import: /opt/airflow/dags/kafka_to_mysql_dag.py
Traceback (most recent call last):
  File "/home/airflow/.local/lib/python3.10/site-packages/airflow/models/dagbag.py", line 351, in parse
    loader.exec_module(new_module)
  File "<frozen importlib._bootstrap_external>", line 883, in exec_module
  File "<frozen importlib._bootstrap>", line 241, in _call_with_frames_removed
  File "/opt/airflow/dags/kafka_to_mysql_dag.py", line 4, in <module>
    from kafka import KafkaConsumer
ModuleNotFoundError: No module named 'kafka'
[2025-07-16T12:38:18.208+0000] {processor.py:842} WARNING - No viable dags retrieved from /opt/airflow/dags/kafka_to_mysql_dag.py
[2025-07-16T12:38:18.231+0000] {processor.py:183} INFO - Processing /opt/airflow/dags/kafka_to_mysql_dag.py took 0.057 seconds
[2025-07-16T12:38:48.476+0000] {processor.py:161} INFO - Started process (PID=52) to work on /opt/airflow/dags/kafka_to_mysql_dag.py
[2025-07-16T12:38:48.477+0000] {processor.py:830} INFO - Processing file /opt/airflow/dags/kafka_to_mysql_dag.py for tasks to queue
[2025-07-16T12:38:48.480+0000] {logging_mixin.py:188} INFO - [2025-07-16T12:38:48.479+0000] {dagbag.py:545} INFO - Filling up the DagBag from /opt/airflow/dags/kafka_to_mysql_dag.py
[2025-07-16T12:38:48.502+0000] {logging_mixin.py:188} INFO - [2025-07-16T12:38:48.497+0000] {dagbag.py:355} ERROR - Failed to import: /opt/airflow/dags/kafka_to_mysql_dag.py
Traceback (most recent call last):
  File "/home/airflow/.local/lib/python3.10/site-packages/airflow/models/dagbag.py", line 351, in parse
    loader.exec_module(new_module)
  File "<frozen importlib._bootstrap_external>", line 883, in exec_module
  File "<frozen importlib._bootstrap>", line 241, in _call_with_frames_removed
  File "/opt/airflow/dags/kafka_to_mysql_dag.py", line 4, in <module>
    from kafka import KafkaConsumer
ModuleNotFoundError: No module named 'kafka'
[2025-07-16T12:38:48.504+0000] {processor.py:842} WARNING - No viable dags retrieved from /opt/airflow/dags/kafka_to_mysql_dag.py
[2025-07-16T12:38:48.528+0000] {processor.py:183} INFO - Processing /opt/airflow/dags/kafka_to_mysql_dag.py took 0.058 seconds
[2025-07-16T12:39:18.768+0000] {processor.py:161} INFO - Started process (PID=53) to work on /opt/airflow/dags/kafka_to_mysql_dag.py
[2025-07-16T12:39:18.769+0000] {processor.py:830} INFO - Processing file /opt/airflow/dags/kafka_to_mysql_dag.py for tasks to queue
[2025-07-16T12:39:18.771+0000] {logging_mixin.py:188} INFO - [2025-07-16T12:39:18.771+0000] {dagbag.py:545} INFO - Filling up the DagBag from /opt/airflow/dags/kafka_to_mysql_dag.py
[2025-07-16T12:39:18.792+0000] {logging_mixin.py:188} INFO - [2025-07-16T12:39:18.788+0000] {dagbag.py:355} ERROR - Failed to import: /opt/airflow/dags/kafka_to_mysql_dag.py
Traceback (most recent call last):
  File "/home/airflow/.local/lib/python3.10/site-packages/airflow/models/dagbag.py", line 351, in parse
    loader.exec_module(new_module)
  File "<frozen importlib._bootstrap_external>", line 883, in exec_module
  File "<frozen importlib._bootstrap>", line 241, in _call_with_frames_removed
  File "/opt/airflow/dags/kafka_to_mysql_dag.py", line 4, in <module>
    from kafka import KafkaConsumer
ModuleNotFoundError: No module named 'kafka'
[2025-07-16T12:39:18.794+0000] {processor.py:842} WARNING - No viable dags retrieved from /opt/airflow/dags/kafka_to_mysql_dag.py
[2025-07-16T12:39:18.819+0000] {processor.py:183} INFO - Processing /opt/airflow/dags/kafka_to_mysql_dag.py took 0.057 seconds
[2025-07-16T12:41:33.902+0000] {processor.py:161} INFO - Started process (PID=33) to work on /opt/airflow/dags/kafka_to_mysql_dag.py
[2025-07-16T12:41:33.905+0000] {processor.py:830} INFO - Processing file /opt/airflow/dags/kafka_to_mysql_dag.py for tasks to queue
[2025-07-16T12:41:33.910+0000] {logging_mixin.py:188} INFO - [2025-07-16T12:41:33.909+0000] {dagbag.py:545} INFO - Filling up the DagBag from /opt/airflow/dags/kafka_to_mysql_dag.py
[2025-07-16T12:41:33.943+0000] {logging_mixin.py:188} INFO - [2025-07-16T12:41:33.936+0000] {dagbag.py:355} ERROR - Failed to import: /opt/airflow/dags/kafka_to_mysql_dag.py
Traceback (most recent call last):
  File "/home/airflow/.local/lib/python3.10/site-packages/airflow/models/dagbag.py", line 351, in parse
    loader.exec_module(new_module)
  File "<frozen importlib._bootstrap_external>", line 883, in exec_module
  File "<frozen importlib._bootstrap>", line 241, in _call_with_frames_removed
  File "/opt/airflow/dags/kafka_to_mysql_dag.py", line 4, in <module>
    from kafka import KafkaConsumer
ModuleNotFoundError: No module named 'kafka'
[2025-07-16T12:41:33.946+0000] {processor.py:842} WARNING - No viable dags retrieved from /opt/airflow/dags/kafka_to_mysql_dag.py
[2025-07-16T12:41:33.995+0000] {processor.py:183} INFO - Processing /opt/airflow/dags/kafka_to_mysql_dag.py took 0.110 seconds
[2025-07-16T12:42:04.192+0000] {processor.py:161} INFO - Started process (PID=34) to work on /opt/airflow/dags/kafka_to_mysql_dag.py
[2025-07-16T12:42:04.194+0000] {processor.py:830} INFO - Processing file /opt/airflow/dags/kafka_to_mysql_dag.py for tasks to queue
[2025-07-16T12:42:04.197+0000] {logging_mixin.py:188} INFO - [2025-07-16T12:42:04.197+0000] {dagbag.py:545} INFO - Filling up the DagBag from /opt/airflow/dags/kafka_to_mysql_dag.py
[2025-07-16T12:42:04.223+0000] {logging_mixin.py:188} INFO - [2025-07-16T12:42:04.218+0000] {dagbag.py:355} ERROR - Failed to import: /opt/airflow/dags/kafka_to_mysql_dag.py
Traceback (most recent call last):
  File "/home/airflow/.local/lib/python3.10/site-packages/airflow/models/dagbag.py", line 351, in parse
    loader.exec_module(new_module)
  File "<frozen importlib._bootstrap_external>", line 883, in exec_module
  File "<frozen importlib._bootstrap>", line 241, in _call_with_frames_removed
  File "/opt/airflow/dags/kafka_to_mysql_dag.py", line 4, in <module>
    from kafka import KafkaConsumer
ModuleNotFoundError: No module named 'kafka'
[2025-07-16T12:42:04.224+0000] {processor.py:842} WARNING - No viable dags retrieved from /opt/airflow/dags/kafka_to_mysql_dag.py
[2025-07-16T12:42:04.252+0000] {processor.py:183} INFO - Processing /opt/airflow/dags/kafka_to_mysql_dag.py took 0.068 seconds
[2025-07-16T12:42:34.445+0000] {processor.py:161} INFO - Started process (PID=35) to work on /opt/airflow/dags/kafka_to_mysql_dag.py
[2025-07-16T12:42:34.447+0000] {processor.py:830} INFO - Processing file /opt/airflow/dags/kafka_to_mysql_dag.py for tasks to queue
[2025-07-16T12:42:34.449+0000] {logging_mixin.py:188} INFO - [2025-07-16T12:42:34.449+0000] {dagbag.py:545} INFO - Filling up the DagBag from /opt/airflow/dags/kafka_to_mysql_dag.py
[2025-07-16T12:42:34.472+0000] {logging_mixin.py:188} INFO - [2025-07-16T12:42:34.468+0000] {dagbag.py:355} ERROR - Failed to import: /opt/airflow/dags/kafka_to_mysql_dag.py
Traceback (most recent call last):
  File "/home/airflow/.local/lib/python3.10/site-packages/airflow/models/dagbag.py", line 351, in parse
    loader.exec_module(new_module)
  File "<frozen importlib._bootstrap_external>", line 883, in exec_module
  File "<frozen importlib._bootstrap>", line 241, in _call_with_frames_removed
  File "/opt/airflow/dags/kafka_to_mysql_dag.py", line 4, in <module>
    from kafka import KafkaConsumer
ModuleNotFoundError: No module named 'kafka'
[2025-07-16T12:42:34.474+0000] {processor.py:842} WARNING - No viable dags retrieved from /opt/airflow/dags/kafka_to_mysql_dag.py
[2025-07-16T12:42:34.501+0000] {processor.py:183} INFO - Processing /opt/airflow/dags/kafka_to_mysql_dag.py took 0.063 seconds
[2025-07-16T12:43:04.713+0000] {processor.py:161} INFO - Started process (PID=36) to work on /opt/airflow/dags/kafka_to_mysql_dag.py
[2025-07-16T12:43:04.715+0000] {processor.py:830} INFO - Processing file /opt/airflow/dags/kafka_to_mysql_dag.py for tasks to queue
[2025-07-16T12:43:04.719+0000] {logging_mixin.py:188} INFO - [2025-07-16T12:43:04.719+0000] {dagbag.py:545} INFO - Filling up the DagBag from /opt/airflow/dags/kafka_to_mysql_dag.py
[2025-07-16T12:43:04.746+0000] {logging_mixin.py:188} INFO - [2025-07-16T12:43:04.741+0000] {dagbag.py:355} ERROR - Failed to import: /opt/airflow/dags/kafka_to_mysql_dag.py
Traceback (most recent call last):
  File "/home/airflow/.local/lib/python3.10/site-packages/airflow/models/dagbag.py", line 351, in parse
    loader.exec_module(new_module)
  File "<frozen importlib._bootstrap_external>", line 883, in exec_module
  File "<frozen importlib._bootstrap>", line 241, in _call_with_frames_removed
  File "/opt/airflow/dags/kafka_to_mysql_dag.py", line 4, in <module>
    from kafka import KafkaConsumer
ModuleNotFoundError: No module named 'kafka'
[2025-07-16T12:43:04.748+0000] {processor.py:842} WARNING - No viable dags retrieved from /opt/airflow/dags/kafka_to_mysql_dag.py
[2025-07-16T12:43:04.791+0000] {processor.py:183} INFO - Processing /opt/airflow/dags/kafka_to_mysql_dag.py took 0.093 seconds
[2025-07-16T12:43:34.987+0000] {processor.py:161} INFO - Started process (PID=37) to work on /opt/airflow/dags/kafka_to_mysql_dag.py
[2025-07-16T12:43:34.989+0000] {processor.py:830} INFO - Processing file /opt/airflow/dags/kafka_to_mysql_dag.py for tasks to queue
[2025-07-16T12:43:34.993+0000] {logging_mixin.py:188} INFO - [2025-07-16T12:43:34.993+0000] {dagbag.py:545} INFO - Filling up the DagBag from /opt/airflow/dags/kafka_to_mysql_dag.py
[2025-07-16T12:43:35.016+0000] {logging_mixin.py:188} INFO - [2025-07-16T12:43:35.013+0000] {dagbag.py:355} ERROR - Failed to import: /opt/airflow/dags/kafka_to_mysql_dag.py
Traceback (most recent call last):
  File "/home/airflow/.local/lib/python3.10/site-packages/airflow/models/dagbag.py", line 351, in parse
    loader.exec_module(new_module)
  File "<frozen importlib._bootstrap_external>", line 883, in exec_module
  File "<frozen importlib._bootstrap>", line 241, in _call_with_frames_removed
  File "/opt/airflow/dags/kafka_to_mysql_dag.py", line 4, in <module>
    from kafka import KafkaConsumer
ModuleNotFoundError: No module named 'kafka'
[2025-07-16T12:43:35.018+0000] {processor.py:842} WARNING - No viable dags retrieved from /opt/airflow/dags/kafka_to_mysql_dag.py
[2025-07-16T12:43:35.046+0000] {processor.py:183} INFO - Processing /opt/airflow/dags/kafka_to_mysql_dag.py took 0.081 seconds
[2025-07-16T12:44:05.282+0000] {processor.py:161} INFO - Started process (PID=38) to work on /opt/airflow/dags/kafka_to_mysql_dag.py
[2025-07-16T12:44:05.284+0000] {processor.py:830} INFO - Processing file /opt/airflow/dags/kafka_to_mysql_dag.py for tasks to queue
[2025-07-16T12:44:05.288+0000] {logging_mixin.py:188} INFO - [2025-07-16T12:44:05.288+0000] {dagbag.py:545} INFO - Filling up the DagBag from /opt/airflow/dags/kafka_to_mysql_dag.py
[2025-07-16T12:44:05.318+0000] {logging_mixin.py:188} INFO - [2025-07-16T12:44:05.311+0000] {dagbag.py:355} ERROR - Failed to import: /opt/airflow/dags/kafka_to_mysql_dag.py
Traceback (most recent call last):
  File "/home/airflow/.local/lib/python3.10/site-packages/airflow/models/dagbag.py", line 351, in parse
    loader.exec_module(new_module)
  File "<frozen importlib._bootstrap_external>", line 883, in exec_module
  File "<frozen importlib._bootstrap>", line 241, in _call_with_frames_removed
  File "/opt/airflow/dags/kafka_to_mysql_dag.py", line 4, in <module>
    from kafka import KafkaConsumer
ModuleNotFoundError: No module named 'kafka'
[2025-07-16T12:44:05.320+0000] {processor.py:842} WARNING - No viable dags retrieved from /opt/airflow/dags/kafka_to_mysql_dag.py
[2025-07-16T12:44:05.381+0000] {processor.py:183} INFO - Processing /opt/airflow/dags/kafka_to_mysql_dag.py took 0.117 seconds
[2025-07-16T12:44:35.510+0000] {processor.py:161} INFO - Started process (PID=39) to work on /opt/airflow/dags/kafka_to_mysql_dag.py
[2025-07-16T12:44:35.511+0000] {processor.py:830} INFO - Processing file /opt/airflow/dags/kafka_to_mysql_dag.py for tasks to queue
[2025-07-16T12:44:35.514+0000] {logging_mixin.py:188} INFO - [2025-07-16T12:44:35.513+0000] {dagbag.py:545} INFO - Filling up the DagBag from /opt/airflow/dags/kafka_to_mysql_dag.py
[2025-07-16T12:44:35.537+0000] {logging_mixin.py:188} INFO - [2025-07-16T12:44:35.533+0000] {dagbag.py:355} ERROR - Failed to import: /opt/airflow/dags/kafka_to_mysql_dag.py
Traceback (most recent call last):
  File "/home/airflow/.local/lib/python3.10/site-packages/airflow/models/dagbag.py", line 351, in parse
    loader.exec_module(new_module)
  File "<frozen importlib._bootstrap_external>", line 883, in exec_module
  File "<frozen importlib._bootstrap>", line 241, in _call_with_frames_removed
  File "/opt/airflow/dags/kafka_to_mysql_dag.py", line 4, in <module>
    from kafka import KafkaConsumer
ModuleNotFoundError: No module named 'kafka'
[2025-07-16T12:44:35.539+0000] {processor.py:842} WARNING - No viable dags retrieved from /opt/airflow/dags/kafka_to_mysql_dag.py
[2025-07-16T12:44:35.568+0000] {processor.py:183} INFO - Processing /opt/airflow/dags/kafka_to_mysql_dag.py took 0.065 seconds
[2025-07-16T12:45:05.793+0000] {processor.py:161} INFO - Started process (PID=40) to work on /opt/airflow/dags/kafka_to_mysql_dag.py
[2025-07-16T12:45:05.794+0000] {processor.py:830} INFO - Processing file /opt/airflow/dags/kafka_to_mysql_dag.py for tasks to queue
[2025-07-16T12:45:05.797+0000] {logging_mixin.py:188} INFO - [2025-07-16T12:45:05.797+0000] {dagbag.py:545} INFO - Filling up the DagBag from /opt/airflow/dags/kafka_to_mysql_dag.py
[2025-07-16T12:45:05.818+0000] {logging_mixin.py:188} INFO - [2025-07-16T12:45:05.815+0000] {dagbag.py:355} ERROR - Failed to import: /opt/airflow/dags/kafka_to_mysql_dag.py
Traceback (most recent call last):
  File "/home/airflow/.local/lib/python3.10/site-packages/airflow/models/dagbag.py", line 351, in parse
    loader.exec_module(new_module)
  File "<frozen importlib._bootstrap_external>", line 883, in exec_module
  File "<frozen importlib._bootstrap>", line 241, in _call_with_frames_removed
  File "/opt/airflow/dags/kafka_to_mysql_dag.py", line 4, in <module>
    from kafka import KafkaConsumer
ModuleNotFoundError: No module named 'kafka'
[2025-07-16T12:45:05.820+0000] {processor.py:842} WARNING - No viable dags retrieved from /opt/airflow/dags/kafka_to_mysql_dag.py
[2025-07-16T12:45:05.847+0000] {processor.py:183} INFO - Processing /opt/airflow/dags/kafka_to_mysql_dag.py took 0.060 seconds
[2025-07-16T12:45:36.022+0000] {processor.py:161} INFO - Started process (PID=41) to work on /opt/airflow/dags/kafka_to_mysql_dag.py
[2025-07-16T12:45:36.023+0000] {processor.py:830} INFO - Processing file /opt/airflow/dags/kafka_to_mysql_dag.py for tasks to queue
[2025-07-16T12:45:36.026+0000] {logging_mixin.py:188} INFO - [2025-07-16T12:45:36.026+0000] {dagbag.py:545} INFO - Filling up the DagBag from /opt/airflow/dags/kafka_to_mysql_dag.py
[2025-07-16T12:45:36.048+0000] {logging_mixin.py:188} INFO - [2025-07-16T12:45:36.044+0000] {dagbag.py:355} ERROR - Failed to import: /opt/airflow/dags/kafka_to_mysql_dag.py
Traceback (most recent call last):
  File "/home/airflow/.local/lib/python3.10/site-packages/airflow/models/dagbag.py", line 351, in parse
    loader.exec_module(new_module)
  File "<frozen importlib._bootstrap_external>", line 883, in exec_module
  File "<frozen importlib._bootstrap>", line 241, in _call_with_frames_removed
  File "/opt/airflow/dags/kafka_to_mysql_dag.py", line 4, in <module>
    from kafka import KafkaConsumer
ModuleNotFoundError: No module named 'kafka'
[2025-07-16T12:45:36.050+0000] {processor.py:842} WARNING - No viable dags retrieved from /opt/airflow/dags/kafka_to_mysql_dag.py
[2025-07-16T12:45:36.076+0000] {processor.py:183} INFO - Processing /opt/airflow/dags/kafka_to_mysql_dag.py took 0.060 seconds
[2025-07-16T12:46:06.279+0000] {processor.py:161} INFO - Started process (PID=42) to work on /opt/airflow/dags/kafka_to_mysql_dag.py
[2025-07-16T12:46:06.281+0000] {processor.py:830} INFO - Processing file /opt/airflow/dags/kafka_to_mysql_dag.py for tasks to queue
[2025-07-16T12:46:06.286+0000] {logging_mixin.py:188} INFO - [2025-07-16T12:46:06.286+0000] {dagbag.py:545} INFO - Filling up the DagBag from /opt/airflow/dags/kafka_to_mysql_dag.py
[2025-07-16T12:46:06.311+0000] {logging_mixin.py:188} INFO - [2025-07-16T12:46:06.307+0000] {dagbag.py:355} ERROR - Failed to import: /opt/airflow/dags/kafka_to_mysql_dag.py
Traceback (most recent call last):
  File "/home/airflow/.local/lib/python3.10/site-packages/airflow/models/dagbag.py", line 351, in parse
    loader.exec_module(new_module)
  File "<frozen importlib._bootstrap_external>", line 883, in exec_module
  File "<frozen importlib._bootstrap>", line 241, in _call_with_frames_removed
  File "/opt/airflow/dags/kafka_to_mysql_dag.py", line 4, in <module>
    from kafka import KafkaConsumer
ModuleNotFoundError: No module named 'kafka'
[2025-07-16T12:46:06.313+0000] {processor.py:842} WARNING - No viable dags retrieved from /opt/airflow/dags/kafka_to_mysql_dag.py
[2025-07-16T12:46:06.357+0000] {processor.py:183} INFO - Processing /opt/airflow/dags/kafka_to_mysql_dag.py took 0.084 seconds
[2025-07-16T12:46:36.570+0000] {processor.py:161} INFO - Started process (PID=43) to work on /opt/airflow/dags/kafka_to_mysql_dag.py
[2025-07-16T12:46:36.571+0000] {processor.py:830} INFO - Processing file /opt/airflow/dags/kafka_to_mysql_dag.py for tasks to queue
[2025-07-16T12:46:36.578+0000] {logging_mixin.py:188} INFO - [2025-07-16T12:46:36.578+0000] {dagbag.py:545} INFO - Filling up the DagBag from /opt/airflow/dags/kafka_to_mysql_dag.py
[2025-07-16T12:46:36.608+0000] {logging_mixin.py:188} INFO - [2025-07-16T12:46:36.604+0000] {dagbag.py:355} ERROR - Failed to import: /opt/airflow/dags/kafka_to_mysql_dag.py
Traceback (most recent call last):
  File "/home/airflow/.local/lib/python3.10/site-packages/airflow/models/dagbag.py", line 351, in parse
    loader.exec_module(new_module)
  File "<frozen importlib._bootstrap_external>", line 883, in exec_module
  File "<frozen importlib._bootstrap>", line 241, in _call_with_frames_removed
  File "/opt/airflow/dags/kafka_to_mysql_dag.py", line 4, in <module>
    from kafka import KafkaConsumer
ModuleNotFoundError: No module named 'kafka'
[2025-07-16T12:46:36.611+0000] {processor.py:842} WARNING - No viable dags retrieved from /opt/airflow/dags/kafka_to_mysql_dag.py
[2025-07-16T12:46:36.634+0000] {processor.py:183} INFO - Processing /opt/airflow/dags/kafka_to_mysql_dag.py took 0.071 seconds
[2025-07-16T12:47:06.790+0000] {processor.py:161} INFO - Started process (PID=44) to work on /opt/airflow/dags/kafka_to_mysql_dag.py
[2025-07-16T12:47:06.792+0000] {processor.py:830} INFO - Processing file /opt/airflow/dags/kafka_to_mysql_dag.py for tasks to queue
[2025-07-16T12:47:06.795+0000] {logging_mixin.py:188} INFO - [2025-07-16T12:47:06.795+0000] {dagbag.py:545} INFO - Filling up the DagBag from /opt/airflow/dags/kafka_to_mysql_dag.py
[2025-07-16T12:47:06.819+0000] {logging_mixin.py:188} INFO - [2025-07-16T12:47:06.815+0000] {dagbag.py:355} ERROR - Failed to import: /opt/airflow/dags/kafka_to_mysql_dag.py
Traceback (most recent call last):
  File "/home/airflow/.local/lib/python3.10/site-packages/airflow/models/dagbag.py", line 351, in parse
    loader.exec_module(new_module)
  File "<frozen importlib._bootstrap_external>", line 883, in exec_module
  File "<frozen importlib._bootstrap>", line 241, in _call_with_frames_removed
  File "/opt/airflow/dags/kafka_to_mysql_dag.py", line 4, in <module>
    from kafka import KafkaConsumer
ModuleNotFoundError: No module named 'kafka'
[2025-07-16T12:47:06.822+0000] {processor.py:842} WARNING - No viable dags retrieved from /opt/airflow/dags/kafka_to_mysql_dag.py
[2025-07-16T12:47:06.849+0000] {processor.py:183} INFO - Processing /opt/airflow/dags/kafka_to_mysql_dag.py took 0.066 seconds
[2025-07-16T12:47:37.078+0000] {processor.py:161} INFO - Started process (PID=45) to work on /opt/airflow/dags/kafka_to_mysql_dag.py
[2025-07-16T12:47:37.079+0000] {processor.py:830} INFO - Processing file /opt/airflow/dags/kafka_to_mysql_dag.py for tasks to queue
[2025-07-16T12:47:37.081+0000] {logging_mixin.py:188} INFO - [2025-07-16T12:47:37.081+0000] {dagbag.py:545} INFO - Filling up the DagBag from /opt/airflow/dags/kafka_to_mysql_dag.py
[2025-07-16T12:47:37.106+0000] {logging_mixin.py:188} INFO - [2025-07-16T12:47:37.102+0000] {dagbag.py:355} ERROR - Failed to import: /opt/airflow/dags/kafka_to_mysql_dag.py
Traceback (most recent call last):
  File "/home/airflow/.local/lib/python3.10/site-packages/airflow/models/dagbag.py", line 351, in parse
    loader.exec_module(new_module)
  File "<frozen importlib._bootstrap_external>", line 883, in exec_module
  File "<frozen importlib._bootstrap>", line 241, in _call_with_frames_removed
  File "/opt/airflow/dags/kafka_to_mysql_dag.py", line 4, in <module>
    from kafka import KafkaConsumer
ModuleNotFoundError: No module named 'kafka'
[2025-07-16T12:47:37.109+0000] {processor.py:842} WARNING - No viable dags retrieved from /opt/airflow/dags/kafka_to_mysql_dag.py
[2025-07-16T12:47:37.136+0000] {processor.py:183} INFO - Processing /opt/airflow/dags/kafka_to_mysql_dag.py took 0.065 seconds
[2025-07-16T12:48:07.331+0000] {processor.py:161} INFO - Started process (PID=46) to work on /opt/airflow/dags/kafka_to_mysql_dag.py
[2025-07-16T12:48:07.332+0000] {processor.py:830} INFO - Processing file /opt/airflow/dags/kafka_to_mysql_dag.py for tasks to queue
[2025-07-16T12:48:07.336+0000] {logging_mixin.py:188} INFO - [2025-07-16T12:48:07.336+0000] {dagbag.py:545} INFO - Filling up the DagBag from /opt/airflow/dags/kafka_to_mysql_dag.py
[2025-07-16T12:48:07.360+0000] {logging_mixin.py:188} INFO - [2025-07-16T12:48:07.355+0000] {dagbag.py:355} ERROR - Failed to import: /opt/airflow/dags/kafka_to_mysql_dag.py
Traceback (most recent call last):
  File "/home/airflow/.local/lib/python3.10/site-packages/airflow/models/dagbag.py", line 351, in parse
    loader.exec_module(new_module)
  File "<frozen importlib._bootstrap_external>", line 883, in exec_module
  File "<frozen importlib._bootstrap>", line 241, in _call_with_frames_removed
  File "/opt/airflow/dags/kafka_to_mysql_dag.py", line 4, in <module>
    from kafka import KafkaConsumer
ModuleNotFoundError: No module named 'kafka'
[2025-07-16T12:48:07.361+0000] {processor.py:842} WARNING - No viable dags retrieved from /opt/airflow/dags/kafka_to_mysql_dag.py
[2025-07-16T12:48:07.386+0000] {processor.py:183} INFO - Processing /opt/airflow/dags/kafka_to_mysql_dag.py took 0.066 seconds
[2025-07-16T12:48:37.594+0000] {processor.py:161} INFO - Started process (PID=47) to work on /opt/airflow/dags/kafka_to_mysql_dag.py
[2025-07-16T12:48:37.595+0000] {processor.py:830} INFO - Processing file /opt/airflow/dags/kafka_to_mysql_dag.py for tasks to queue
[2025-07-16T12:48:37.598+0000] {logging_mixin.py:188} INFO - [2025-07-16T12:48:37.598+0000] {dagbag.py:545} INFO - Filling up the DagBag from /opt/airflow/dags/kafka_to_mysql_dag.py
[2025-07-16T12:48:37.622+0000] {logging_mixin.py:188} INFO - [2025-07-16T12:48:37.618+0000] {dagbag.py:355} ERROR - Failed to import: /opt/airflow/dags/kafka_to_mysql_dag.py
Traceback (most recent call last):
  File "/home/airflow/.local/lib/python3.10/site-packages/airflow/models/dagbag.py", line 351, in parse
    loader.exec_module(new_module)
  File "<frozen importlib._bootstrap_external>", line 883, in exec_module
  File "<frozen importlib._bootstrap>", line 241, in _call_with_frames_removed
  File "/opt/airflow/dags/kafka_to_mysql_dag.py", line 4, in <module>
    from kafka import KafkaConsumer
ModuleNotFoundError: No module named 'kafka'
[2025-07-16T12:48:37.624+0000] {processor.py:842} WARNING - No viable dags retrieved from /opt/airflow/dags/kafka_to_mysql_dag.py
[2025-07-16T12:48:37.653+0000] {processor.py:183} INFO - Processing /opt/airflow/dags/kafka_to_mysql_dag.py took 0.066 seconds
[2025-07-16T12:49:07.853+0000] {processor.py:161} INFO - Started process (PID=48) to work on /opt/airflow/dags/kafka_to_mysql_dag.py
[2025-07-16T12:49:07.854+0000] {processor.py:830} INFO - Processing file /opt/airflow/dags/kafka_to_mysql_dag.py for tasks to queue
[2025-07-16T12:49:07.857+0000] {logging_mixin.py:188} INFO - [2025-07-16T12:49:07.856+0000] {dagbag.py:545} INFO - Filling up the DagBag from /opt/airflow/dags/kafka_to_mysql_dag.py
[2025-07-16T12:49:07.880+0000] {logging_mixin.py:188} INFO - [2025-07-16T12:49:07.876+0000] {dagbag.py:355} ERROR - Failed to import: /opt/airflow/dags/kafka_to_mysql_dag.py
Traceback (most recent call last):
  File "/home/airflow/.local/lib/python3.10/site-packages/airflow/models/dagbag.py", line 351, in parse
    loader.exec_module(new_module)
  File "<frozen importlib._bootstrap_external>", line 883, in exec_module
  File "<frozen importlib._bootstrap>", line 241, in _call_with_frames_removed
  File "/opt/airflow/dags/kafka_to_mysql_dag.py", line 4, in <module>
    from kafka import KafkaConsumer
ModuleNotFoundError: No module named 'kafka'
[2025-07-16T12:49:07.881+0000] {processor.py:842} WARNING - No viable dags retrieved from /opt/airflow/dags/kafka_to_mysql_dag.py
[2025-07-16T12:49:07.906+0000] {processor.py:183} INFO - Processing /opt/airflow/dags/kafka_to_mysql_dag.py took 0.059 seconds
[2025-07-16T12:50:47.518+0000] {processor.py:161} INFO - Started process (PID=33) to work on /opt/airflow/dags/kafka_to_mysql_dag.py
[2025-07-16T12:50:47.520+0000] {processor.py:830} INFO - Processing file /opt/airflow/dags/kafka_to_mysql_dag.py for tasks to queue
[2025-07-16T12:50:47.524+0000] {logging_mixin.py:188} INFO - [2025-07-16T12:50:47.523+0000] {dagbag.py:545} INFO - Filling up the DagBag from /opt/airflow/dags/kafka_to_mysql_dag.py
[2025-07-16T12:50:48.197+0000] {processor.py:840} INFO - DAG(s) 'kafka_to_mysql' retrieved from /opt/airflow/dags/kafka_to_mysql_dag.py
[2025-07-16T12:50:48.256+0000] {logging_mixin.py:188} INFO - [2025-07-16T12:50:48.255+0000] {dag.py:3096} INFO - Sync 1 DAGs
[2025-07-16T12:50:48.308+0000] {logging_mixin.py:188} INFO - [2025-07-16T12:50:48.307+0000] {dag.py:3954} INFO - Setting next_dagrun for kafka_to_mysql to 2023-01-01 00:00:00+00:00, run_after=2023-01-01 01:00:00+00:00
[2025-07-16T12:50:48.350+0000] {processor.py:183} INFO - Processing /opt/airflow/dags/kafka_to_mysql_dag.py took 0.844 seconds
[2025-07-16T12:51:18.608+0000] {processor.py:161} INFO - Started process (PID=34) to work on /opt/airflow/dags/kafka_to_mysql_dag.py
[2025-07-16T12:51:18.610+0000] {processor.py:830} INFO - Processing file /opt/airflow/dags/kafka_to_mysql_dag.py for tasks to queue
[2025-07-16T12:51:18.613+0000] {logging_mixin.py:188} INFO - [2025-07-16T12:51:18.612+0000] {dagbag.py:545} INFO - Filling up the DagBag from /opt/airflow/dags/kafka_to_mysql_dag.py
[2025-07-16T12:51:18.753+0000] {processor.py:840} INFO - DAG(s) 'kafka_to_mysql' retrieved from /opt/airflow/dags/kafka_to_mysql_dag.py
[2025-07-16T12:51:18.961+0000] {logging_mixin.py:188} INFO - [2025-07-16T12:51:18.961+0000] {dag.py:3096} INFO - Sync 1 DAGs
[2025-07-16T12:51:18.985+0000] {logging_mixin.py:188} INFO - [2025-07-16T12:51:18.985+0000] {dag.py:3954} INFO - Setting next_dagrun for kafka_to_mysql to 2023-01-01 00:00:00+00:00, run_after=2023-01-01 01:00:00+00:00
[2025-07-16T12:51:19.015+0000] {processor.py:183} INFO - Processing /opt/airflow/dags/kafka_to_mysql_dag.py took 0.416 seconds
[2025-07-16T12:51:49.243+0000] {processor.py:161} INFO - Started process (PID=35) to work on /opt/airflow/dags/kafka_to_mysql_dag.py
[2025-07-16T12:51:49.244+0000] {processor.py:830} INFO - Processing file /opt/airflow/dags/kafka_to_mysql_dag.py for tasks to queue
[2025-07-16T12:51:49.247+0000] {logging_mixin.py:188} INFO - [2025-07-16T12:51:49.247+0000] {dagbag.py:545} INFO - Filling up the DagBag from /opt/airflow/dags/kafka_to_mysql_dag.py
[2025-07-16T12:51:49.410+0000] {processor.py:840} INFO - DAG(s) 'kafka_to_mysql' retrieved from /opt/airflow/dags/kafka_to_mysql_dag.py
[2025-07-16T12:51:49.443+0000] {logging_mixin.py:188} INFO - [2025-07-16T12:51:49.443+0000] {dag.py:3096} INFO - Sync 1 DAGs
[2025-07-16T12:51:49.470+0000] {logging_mixin.py:188} INFO - [2025-07-16T12:51:49.470+0000] {dag.py:3954} INFO - Setting next_dagrun for kafka_to_mysql to 2023-01-01 00:00:00+00:00, run_after=2023-01-01 01:00:00+00:00
[2025-07-16T12:51:49.501+0000] {processor.py:183} INFO - Processing /opt/airflow/dags/kafka_to_mysql_dag.py took 0.268 seconds
[2025-07-16T12:52:19.743+0000] {processor.py:161} INFO - Started process (PID=36) to work on /opt/airflow/dags/kafka_to_mysql_dag.py
[2025-07-16T12:52:19.745+0000] {processor.py:830} INFO - Processing file /opt/airflow/dags/kafka_to_mysql_dag.py for tasks to queue
[2025-07-16T12:52:19.749+0000] {logging_mixin.py:188} INFO - [2025-07-16T12:52:19.748+0000] {dagbag.py:545} INFO - Filling up the DagBag from /opt/airflow/dags/kafka_to_mysql_dag.py
[2025-07-16T12:52:19.912+0000] {processor.py:840} INFO - DAG(s) 'kafka_to_mysql' retrieved from /opt/airflow/dags/kafka_to_mysql_dag.py
[2025-07-16T12:52:19.948+0000] {logging_mixin.py:188} INFO - [2025-07-16T12:52:19.947+0000] {dag.py:3096} INFO - Sync 1 DAGs
[2025-07-16T12:52:19.978+0000] {logging_mixin.py:188} INFO - [2025-07-16T12:52:19.978+0000] {dag.py:3954} INFO - Setting next_dagrun for kafka_to_mysql to 2023-01-01 00:00:00+00:00, run_after=2023-01-01 01:00:00+00:00
[2025-07-16T12:52:20.008+0000] {processor.py:183} INFO - Processing /opt/airflow/dags/kafka_to_mysql_dag.py took 0.274 seconds
[2025-07-16T12:52:50.340+0000] {processor.py:161} INFO - Started process (PID=41) to work on /opt/airflow/dags/kafka_to_mysql_dag.py
[2025-07-16T12:52:50.343+0000] {processor.py:830} INFO - Processing file /opt/airflow/dags/kafka_to_mysql_dag.py for tasks to queue
[2025-07-16T12:52:50.349+0000] {logging_mixin.py:188} INFO - [2025-07-16T12:52:50.348+0000] {dagbag.py:545} INFO - Filling up the DagBag from /opt/airflow/dags/kafka_to_mysql_dag.py
[2025-07-16T12:52:51.273+0000] {processor.py:840} INFO - DAG(s) 'kafka_to_mysql' retrieved from /opt/airflow/dags/kafka_to_mysql_dag.py
[2025-07-16T12:52:51.437+0000] {logging_mixin.py:188} INFO - [2025-07-16T12:52:51.436+0000] {dag.py:3096} INFO - Sync 1 DAGs
[2025-07-16T12:52:51.578+0000] {logging_mixin.py:188} INFO - [2025-07-16T12:52:51.575+0000] {dag.py:3954} INFO - Setting next_dagrun for kafka_to_mysql to 2023-01-01 12:00:00+00:00, run_after=2023-01-01 13:00:00+00:00
[2025-07-16T12:52:51.777+0000] {processor.py:183} INFO - Processing /opt/airflow/dags/kafka_to_mysql_dag.py took 1.454 seconds
[2025-07-16T12:53:22.298+0000] {processor.py:161} INFO - Started process (PID=42) to work on /opt/airflow/dags/kafka_to_mysql_dag.py
[2025-07-16T12:53:22.302+0000] {processor.py:830} INFO - Processing file /opt/airflow/dags/kafka_to_mysql_dag.py for tasks to queue
[2025-07-16T12:53:22.315+0000] {logging_mixin.py:188} INFO - [2025-07-16T12:53:22.314+0000] {dagbag.py:545} INFO - Filling up the DagBag from /opt/airflow/dags/kafka_to_mysql_dag.py
[2025-07-16T12:53:22.920+0000] {processor.py:840} INFO - DAG(s) 'kafka_to_mysql' retrieved from /opt/airflow/dags/kafka_to_mysql_dag.py
[2025-07-16T12:53:23.010+0000] {logging_mixin.py:188} INFO - [2025-07-16T12:53:23.009+0000] {dag.py:3096} INFO - Sync 1 DAGs
[2025-07-16T12:53:23.087+0000] {logging_mixin.py:188} INFO - [2025-07-16T12:53:23.086+0000] {dag.py:3954} INFO - Setting next_dagrun for kafka_to_mysql to 2023-01-03 01:00:00+00:00, run_after=2023-01-03 02:00:00+00:00
[2025-07-16T12:53:23.166+0000] {processor.py:183} INFO - Processing /opt/airflow/dags/kafka_to_mysql_dag.py took 0.899 seconds
[2025-07-16T12:53:53.537+0000] {processor.py:161} INFO - Started process (PID=43) to work on /opt/airflow/dags/kafka_to_mysql_dag.py
[2025-07-16T12:53:53.540+0000] {processor.py:830} INFO - Processing file /opt/airflow/dags/kafka_to_mysql_dag.py for tasks to queue
[2025-07-16T12:53:53.545+0000] {logging_mixin.py:188} INFO - [2025-07-16T12:53:53.544+0000] {dagbag.py:545} INFO - Filling up the DagBag from /opt/airflow/dags/kafka_to_mysql_dag.py
[2025-07-16T12:53:53.794+0000] {processor.py:840} INFO - DAG(s) 'kafka_to_mysql' retrieved from /opt/airflow/dags/kafka_to_mysql_dag.py
[2025-07-16T12:53:53.833+0000] {logging_mixin.py:188} INFO - [2025-07-16T12:53:53.832+0000] {dag.py:3096} INFO - Sync 1 DAGs
[2025-07-16T12:53:53.865+0000] {logging_mixin.py:188} INFO - [2025-07-16T12:53:53.865+0000] {dag.py:3954} INFO - Setting next_dagrun for kafka_to_mysql to 2023-01-04 12:00:00+00:00, run_after=2023-01-04 13:00:00+00:00
[2025-07-16T12:53:53.895+0000] {processor.py:183} INFO - Processing /opt/airflow/dags/kafka_to_mysql_dag.py took 0.369 seconds
[2025-07-16T12:54:24.167+0000] {processor.py:161} INFO - Started process (PID=44) to work on /opt/airflow/dags/kafka_to_mysql_dag.py
[2025-07-16T12:54:24.169+0000] {processor.py:830} INFO - Processing file /opt/airflow/dags/kafka_to_mysql_dag.py for tasks to queue
[2025-07-16T12:54:24.173+0000] {logging_mixin.py:188} INFO - [2025-07-16T12:54:24.172+0000] {dagbag.py:545} INFO - Filling up the DagBag from /opt/airflow/dags/kafka_to_mysql_dag.py
[2025-07-16T12:54:24.622+0000] {processor.py:840} INFO - DAG(s) 'kafka_to_mysql' retrieved from /opt/airflow/dags/kafka_to_mysql_dag.py
[2025-07-16T12:54:24.663+0000] {logging_mixin.py:188} INFO - [2025-07-16T12:54:24.662+0000] {dag.py:3096} INFO - Sync 1 DAGs
[2025-07-16T12:54:24.694+0000] {logging_mixin.py:188} INFO - [2025-07-16T12:54:24.693+0000] {dag.py:3954} INFO - Setting next_dagrun for kafka_to_mysql to 2023-01-05 15:00:00+00:00, run_after=2023-01-05 16:00:00+00:00
[2025-07-16T12:54:24.723+0000] {processor.py:183} INFO - Processing /opt/airflow/dags/kafka_to_mysql_dag.py took 0.564 seconds
[2025-07-16T12:54:54.974+0000] {processor.py:161} INFO - Started process (PID=45) to work on /opt/airflow/dags/kafka_to_mysql_dag.py
[2025-07-16T12:54:54.975+0000] {processor.py:830} INFO - Processing file /opt/airflow/dags/kafka_to_mysql_dag.py for tasks to queue
[2025-07-16T12:54:54.978+0000] {logging_mixin.py:188} INFO - [2025-07-16T12:54:54.977+0000] {dagbag.py:545} INFO - Filling up the DagBag from /opt/airflow/dags/kafka_to_mysql_dag.py
[2025-07-16T12:54:55.107+0000] {processor.py:840} INFO - DAG(s) 'kafka_to_mysql' retrieved from /opt/airflow/dags/kafka_to_mysql_dag.py
[2025-07-16T12:54:55.136+0000] {logging_mixin.py:188} INFO - [2025-07-16T12:54:55.135+0000] {dag.py:3096} INFO - Sync 1 DAGs
[2025-07-16T12:54:55.174+0000] {logging_mixin.py:188} INFO - [2025-07-16T12:54:55.173+0000] {dag.py:3954} INFO - Setting next_dagrun for kafka_to_mysql to 2023-01-05 15:00:00+00:00, run_after=2023-01-05 16:00:00+00:00
[2025-07-16T12:54:55.214+0000] {processor.py:183} INFO - Processing /opt/airflow/dags/kafka_to_mysql_dag.py took 0.246 seconds
[2025-07-16T12:55:25.454+0000] {processor.py:161} INFO - Started process (PID=46) to work on /opt/airflow/dags/kafka_to_mysql_dag.py
[2025-07-16T12:55:25.456+0000] {processor.py:830} INFO - Processing file /opt/airflow/dags/kafka_to_mysql_dag.py for tasks to queue
[2025-07-16T12:55:25.459+0000] {logging_mixin.py:188} INFO - [2025-07-16T12:55:25.458+0000] {dagbag.py:545} INFO - Filling up the DagBag from /opt/airflow/dags/kafka_to_mysql_dag.py
[2025-07-16T12:55:25.618+0000] {processor.py:840} INFO - DAG(s) 'kafka_to_mysql' retrieved from /opt/airflow/dags/kafka_to_mysql_dag.py
[2025-07-16T12:55:25.645+0000] {logging_mixin.py:188} INFO - [2025-07-16T12:55:25.644+0000] {dag.py:3096} INFO - Sync 1 DAGs
[2025-07-16T12:55:25.673+0000] {logging_mixin.py:188} INFO - [2025-07-16T12:55:25.672+0000] {dag.py:3954} INFO - Setting next_dagrun for kafka_to_mysql to 2023-01-05 15:00:00+00:00, run_after=2023-01-05 16:00:00+00:00
[2025-07-16T12:55:25.702+0000] {processor.py:183} INFO - Processing /opt/airflow/dags/kafka_to_mysql_dag.py took 0.256 seconds
[2025-07-16T12:55:55.936+0000] {processor.py:161} INFO - Started process (PID=47) to work on /opt/airflow/dags/kafka_to_mysql_dag.py
[2025-07-16T12:55:55.937+0000] {processor.py:830} INFO - Processing file /opt/airflow/dags/kafka_to_mysql_dag.py for tasks to queue
[2025-07-16T12:55:55.940+0000] {logging_mixin.py:188} INFO - [2025-07-16T12:55:55.939+0000] {dagbag.py:545} INFO - Filling up the DagBag from /opt/airflow/dags/kafka_to_mysql_dag.py
[2025-07-16T12:55:56.066+0000] {processor.py:840} INFO - DAG(s) 'kafka_to_mysql' retrieved from /opt/airflow/dags/kafka_to_mysql_dag.py
[2025-07-16T12:55:56.094+0000] {logging_mixin.py:188} INFO - [2025-07-16T12:55:56.093+0000] {dag.py:3096} INFO - Sync 1 DAGs
[2025-07-16T12:55:56.122+0000] {logging_mixin.py:188} INFO - [2025-07-16T12:55:56.122+0000] {dag.py:3954} INFO - Setting next_dagrun for kafka_to_mysql to 2023-01-05 15:00:00+00:00, run_after=2023-01-05 16:00:00+00:00
[2025-07-16T12:55:56.152+0000] {processor.py:183} INFO - Processing /opt/airflow/dags/kafka_to_mysql_dag.py took 0.222 seconds
[2025-07-16T12:56:26.391+0000] {processor.py:161} INFO - Started process (PID=48) to work on /opt/airflow/dags/kafka_to_mysql_dag.py
[2025-07-16T12:56:26.392+0000] {processor.py:830} INFO - Processing file /opt/airflow/dags/kafka_to_mysql_dag.py for tasks to queue
[2025-07-16T12:56:26.395+0000] {logging_mixin.py:188} INFO - [2025-07-16T12:56:26.395+0000] {dagbag.py:545} INFO - Filling up the DagBag from /opt/airflow/dags/kafka_to_mysql_dag.py
[2025-07-16T12:56:26.533+0000] {processor.py:840} INFO - DAG(s) 'kafka_to_mysql' retrieved from /opt/airflow/dags/kafka_to_mysql_dag.py
[2025-07-16T12:56:26.567+0000] {logging_mixin.py:188} INFO - [2025-07-16T12:56:26.567+0000] {dag.py:3096} INFO - Sync 1 DAGs
[2025-07-16T12:56:26.597+0000] {logging_mixin.py:188} INFO - [2025-07-16T12:56:26.597+0000] {dag.py:3954} INFO - Setting next_dagrun for kafka_to_mysql to 2023-01-05 15:00:00+00:00, run_after=2023-01-05 16:00:00+00:00
[2025-07-16T12:56:26.628+0000] {processor.py:183} INFO - Processing /opt/airflow/dags/kafka_to_mysql_dag.py took 0.244 seconds
[2025-07-16T12:56:56.856+0000] {processor.py:161} INFO - Started process (PID=49) to work on /opt/airflow/dags/kafka_to_mysql_dag.py
[2025-07-16T12:56:56.858+0000] {processor.py:830} INFO - Processing file /opt/airflow/dags/kafka_to_mysql_dag.py for tasks to queue
[2025-07-16T12:56:56.861+0000] {logging_mixin.py:188} INFO - [2025-07-16T12:56:56.860+0000] {dagbag.py:545} INFO - Filling up the DagBag from /opt/airflow/dags/kafka_to_mysql_dag.py
[2025-07-16T12:56:57.000+0000] {processor.py:840} INFO - DAG(s) 'kafka_to_mysql' retrieved from /opt/airflow/dags/kafka_to_mysql_dag.py
[2025-07-16T12:56:57.015+0000] {logging_mixin.py:188} INFO - [2025-07-16T12:56:57.015+0000] {dag.py:3096} INFO - Sync 1 DAGs
[2025-07-16T12:56:57.042+0000] {logging_mixin.py:188} INFO - [2025-07-16T12:56:57.042+0000] {dag.py:3954} INFO - Setting next_dagrun for kafka_to_mysql to 2023-01-05 15:00:00+00:00, run_after=2023-01-05 16:00:00+00:00
[2025-07-16T12:56:57.072+0000] {processor.py:183} INFO - Processing /opt/airflow/dags/kafka_to_mysql_dag.py took 0.222 seconds
[2025-07-16T12:57:27.322+0000] {processor.py:161} INFO - Started process (PID=50) to work on /opt/airflow/dags/kafka_to_mysql_dag.py
[2025-07-16T12:57:27.324+0000] {processor.py:830} INFO - Processing file /opt/airflow/dags/kafka_to_mysql_dag.py for tasks to queue
[2025-07-16T12:57:27.329+0000] {logging_mixin.py:188} INFO - [2025-07-16T12:57:27.328+0000] {dagbag.py:545} INFO - Filling up the DagBag from /opt/airflow/dags/kafka_to_mysql_dag.py
[2025-07-16T12:57:27.484+0000] {processor.py:840} INFO - DAG(s) 'kafka_to_mysql' retrieved from /opt/airflow/dags/kafka_to_mysql_dag.py
[2025-07-16T12:57:27.630+0000] {logging_mixin.py:188} INFO - [2025-07-16T12:57:27.629+0000] {dag.py:3096} INFO - Sync 1 DAGs
[2025-07-16T12:57:27.654+0000] {logging_mixin.py:188} INFO - [2025-07-16T12:57:27.653+0000] {dag.py:3954} INFO - Setting next_dagrun for kafka_to_mysql to 2023-01-05 15:00:00+00:00, run_after=2023-01-05 16:00:00+00:00
[2025-07-16T12:57:27.688+0000] {processor.py:183} INFO - Processing /opt/airflow/dags/kafka_to_mysql_dag.py took 0.374 seconds
[2025-07-16T12:57:57.957+0000] {processor.py:161} INFO - Started process (PID=51) to work on /opt/airflow/dags/kafka_to_mysql_dag.py
[2025-07-16T12:57:57.959+0000] {processor.py:830} INFO - Processing file /opt/airflow/dags/kafka_to_mysql_dag.py for tasks to queue
[2025-07-16T12:57:57.962+0000] {logging_mixin.py:188} INFO - [2025-07-16T12:57:57.962+0000] {dagbag.py:545} INFO - Filling up the DagBag from /opt/airflow/dags/kafka_to_mysql_dag.py
[2025-07-16T12:57:58.142+0000] {processor.py:840} INFO - DAG(s) 'kafka_to_mysql' retrieved from /opt/airflow/dags/kafka_to_mysql_dag.py
[2025-07-16T12:57:58.172+0000] {logging_mixin.py:188} INFO - [2025-07-16T12:57:58.171+0000] {dag.py:3096} INFO - Sync 1 DAGs
[2025-07-16T12:57:58.196+0000] {logging_mixin.py:188} INFO - [2025-07-16T12:57:58.196+0000] {dag.py:3954} INFO - Setting next_dagrun for kafka_to_mysql to 2023-01-05 15:00:00+00:00, run_after=2023-01-05 16:00:00+00:00
[2025-07-16T12:57:58.222+0000] {processor.py:183} INFO - Processing /opt/airflow/dags/kafka_to_mysql_dag.py took 0.277 seconds
[2025-07-16T12:58:28.461+0000] {processor.py:161} INFO - Started process (PID=52) to work on /opt/airflow/dags/kafka_to_mysql_dag.py
[2025-07-16T12:58:28.462+0000] {processor.py:830} INFO - Processing file /opt/airflow/dags/kafka_to_mysql_dag.py for tasks to queue
[2025-07-16T12:58:28.465+0000] {logging_mixin.py:188} INFO - [2025-07-16T12:58:28.464+0000] {dagbag.py:545} INFO - Filling up the DagBag from /opt/airflow/dags/kafka_to_mysql_dag.py
[2025-07-16T12:58:28.589+0000] {processor.py:840} INFO - DAG(s) 'kafka_to_mysql' retrieved from /opt/airflow/dags/kafka_to_mysql_dag.py
[2025-07-16T12:58:28.617+0000] {logging_mixin.py:188} INFO - [2025-07-16T12:58:28.617+0000] {dag.py:3096} INFO - Sync 1 DAGs
[2025-07-16T12:58:28.646+0000] {logging_mixin.py:188} INFO - [2025-07-16T12:58:28.646+0000] {dag.py:3954} INFO - Setting next_dagrun for kafka_to_mysql to 2023-01-05 15:00:00+00:00, run_after=2023-01-05 16:00:00+00:00
[2025-07-16T12:58:28.676+0000] {processor.py:183} INFO - Processing /opt/airflow/dags/kafka_to_mysql_dag.py took 0.221 seconds
[2025-07-16T12:58:58.909+0000] {processor.py:161} INFO - Started process (PID=53) to work on /opt/airflow/dags/kafka_to_mysql_dag.py
[2025-07-16T12:58:58.911+0000] {processor.py:830} INFO - Processing file /opt/airflow/dags/kafka_to_mysql_dag.py for tasks to queue
[2025-07-16T12:58:58.913+0000] {logging_mixin.py:188} INFO - [2025-07-16T12:58:58.912+0000] {dagbag.py:545} INFO - Filling up the DagBag from /opt/airflow/dags/kafka_to_mysql_dag.py
[2025-07-16T12:58:59.062+0000] {processor.py:840} INFO - DAG(s) 'kafka_to_mysql' retrieved from /opt/airflow/dags/kafka_to_mysql_dag.py
[2025-07-16T12:58:59.093+0000] {logging_mixin.py:188} INFO - [2025-07-16T12:58:59.092+0000] {dag.py:3096} INFO - Sync 1 DAGs
[2025-07-16T12:58:59.126+0000] {logging_mixin.py:188} INFO - [2025-07-16T12:58:59.125+0000] {dag.py:3954} INFO - Setting next_dagrun for kafka_to_mysql to 2023-01-05 15:00:00+00:00, run_after=2023-01-05 16:00:00+00:00
[2025-07-16T12:58:59.158+0000] {processor.py:183} INFO - Processing /opt/airflow/dags/kafka_to_mysql_dag.py took 0.255 seconds
[2025-07-16T12:59:29.388+0000] {processor.py:161} INFO - Started process (PID=54) to work on /opt/airflow/dags/kafka_to_mysql_dag.py
[2025-07-16T12:59:29.390+0000] {processor.py:830} INFO - Processing file /opt/airflow/dags/kafka_to_mysql_dag.py for tasks to queue
[2025-07-16T12:59:29.392+0000] {logging_mixin.py:188} INFO - [2025-07-16T12:59:29.392+0000] {dagbag.py:545} INFO - Filling up the DagBag from /opt/airflow/dags/kafka_to_mysql_dag.py
[2025-07-16T12:59:29.529+0000] {processor.py:840} INFO - DAG(s) 'kafka_to_mysql' retrieved from /opt/airflow/dags/kafka_to_mysql_dag.py
[2025-07-16T12:59:29.562+0000] {logging_mixin.py:188} INFO - [2025-07-16T12:59:29.562+0000] {dag.py:3096} INFO - Sync 1 DAGs
[2025-07-16T12:59:29.590+0000] {logging_mixin.py:188} INFO - [2025-07-16T12:59:29.589+0000] {dag.py:3954} INFO - Setting next_dagrun for kafka_to_mysql to 2023-01-05 15:00:00+00:00, run_after=2023-01-05 16:00:00+00:00
[2025-07-16T12:59:29.616+0000] {processor.py:183} INFO - Processing /opt/airflow/dags/kafka_to_mysql_dag.py took 0.235 seconds
[2025-07-16T12:59:59.667+0000] {processor.py:161} INFO - Started process (PID=55) to work on /opt/airflow/dags/kafka_to_mysql_dag.py
[2025-07-16T12:59:59.669+0000] {processor.py:830} INFO - Processing file /opt/airflow/dags/kafka_to_mysql_dag.py for tasks to queue
[2025-07-16T12:59:59.671+0000] {logging_mixin.py:188} INFO - [2025-07-16T12:59:59.670+0000] {dagbag.py:545} INFO - Filling up the DagBag from /opt/airflow/dags/kafka_to_mysql_dag.py
[2025-07-16T12:59:59.798+0000] {processor.py:840} INFO - DAG(s) 'kafka_to_mysql' retrieved from /opt/airflow/dags/kafka_to_mysql_dag.py
[2025-07-16T12:59:59.828+0000] {logging_mixin.py:188} INFO - [2025-07-16T12:59:59.828+0000] {dag.py:3096} INFO - Sync 1 DAGs
[2025-07-16T12:59:59.854+0000] {logging_mixin.py:188} INFO - [2025-07-16T12:59:59.854+0000] {dag.py:3954} INFO - Setting next_dagrun for kafka_to_mysql to 2023-01-05 15:00:00+00:00, run_after=2023-01-05 16:00:00+00:00
[2025-07-16T12:59:59.884+0000] {processor.py:183} INFO - Processing /opt/airflow/dags/kafka_to_mysql_dag.py took 0.222 seconds
[2025-07-16T13:00:30.205+0000] {processor.py:161} INFO - Started process (PID=56) to work on /opt/airflow/dags/kafka_to_mysql_dag.py
[2025-07-16T13:00:30.207+0000] {processor.py:830} INFO - Processing file /opt/airflow/dags/kafka_to_mysql_dag.py for tasks to queue
[2025-07-16T13:00:30.209+0000] {logging_mixin.py:188} INFO - [2025-07-16T13:00:30.209+0000] {dagbag.py:545} INFO - Filling up the DagBag from /opt/airflow/dags/kafka_to_mysql_dag.py
[2025-07-16T13:00:30.371+0000] {processor.py:840} INFO - DAG(s) 'kafka_to_mysql' retrieved from /opt/airflow/dags/kafka_to_mysql_dag.py
[2025-07-16T13:00:30.407+0000] {logging_mixin.py:188} INFO - [2025-07-16T13:00:30.407+0000] {dag.py:3096} INFO - Sync 1 DAGs
[2025-07-16T13:00:30.436+0000] {logging_mixin.py:188} INFO - [2025-07-16T13:00:30.436+0000] {dag.py:3954} INFO - Setting next_dagrun for kafka_to_mysql to 2023-01-05 15:00:00+00:00, run_after=2023-01-05 16:00:00+00:00
[2025-07-16T13:00:30.469+0000] {processor.py:183} INFO - Processing /opt/airflow/dags/kafka_to_mysql_dag.py took 0.270 seconds
[2025-07-16T13:01:00.844+0000] {processor.py:161} INFO - Started process (PID=58) to work on /opt/airflow/dags/kafka_to_mysql_dag.py
[2025-07-16T13:01:00.846+0000] {processor.py:830} INFO - Processing file /opt/airflow/dags/kafka_to_mysql_dag.py for tasks to queue
[2025-07-16T13:01:00.849+0000] {logging_mixin.py:188} INFO - [2025-07-16T13:01:00.848+0000] {dagbag.py:545} INFO - Filling up the DagBag from /opt/airflow/dags/kafka_to_mysql_dag.py
[2025-07-16T13:01:00.996+0000] {processor.py:840} INFO - DAG(s) 'kafka_to_mysql' retrieved from /opt/airflow/dags/kafka_to_mysql_dag.py
[2025-07-16T13:01:01.036+0000] {logging_mixin.py:188} INFO - [2025-07-16T13:01:01.036+0000] {dag.py:3096} INFO - Sync 1 DAGs
[2025-07-16T13:01:01.065+0000] {logging_mixin.py:188} INFO - [2025-07-16T13:01:01.065+0000] {dag.py:3954} INFO - Setting next_dagrun for kafka_to_mysql to 2023-01-05 15:00:00+00:00, run_after=2023-01-05 16:00:00+00:00
[2025-07-16T13:01:01.097+0000] {processor.py:183} INFO - Processing /opt/airflow/dags/kafka_to_mysql_dag.py took 0.260 seconds
[2025-07-16T13:01:31.387+0000] {processor.py:161} INFO - Started process (PID=60) to work on /opt/airflow/dags/kafka_to_mysql_dag.py
[2025-07-16T13:01:31.389+0000] {processor.py:830} INFO - Processing file /opt/airflow/dags/kafka_to_mysql_dag.py for tasks to queue
[2025-07-16T13:01:31.391+0000] {logging_mixin.py:188} INFO - [2025-07-16T13:01:31.391+0000] {dagbag.py:545} INFO - Filling up the DagBag from /opt/airflow/dags/kafka_to_mysql_dag.py
[2025-07-16T13:01:31.529+0000] {processor.py:840} INFO - DAG(s) 'kafka_to_mysql' retrieved from /opt/airflow/dags/kafka_to_mysql_dag.py
[2025-07-16T13:01:31.561+0000] {logging_mixin.py:188} INFO - [2025-07-16T13:01:31.561+0000] {dag.py:3096} INFO - Sync 1 DAGs
[2025-07-16T13:01:31.590+0000] {logging_mixin.py:188} INFO - [2025-07-16T13:01:31.590+0000] {dag.py:3954} INFO - Setting next_dagrun for kafka_to_mysql to 2023-01-05 15:00:00+00:00, run_after=2023-01-05 16:00:00+00:00
[2025-07-16T13:01:31.619+0000] {processor.py:183} INFO - Processing /opt/airflow/dags/kafka_to_mysql_dag.py took 0.238 seconds
[2025-07-16T13:02:01.924+0000] {processor.py:161} INFO - Started process (PID=62) to work on /opt/airflow/dags/kafka_to_mysql_dag.py
[2025-07-16T13:02:01.926+0000] {processor.py:830} INFO - Processing file /opt/airflow/dags/kafka_to_mysql_dag.py for tasks to queue
[2025-07-16T13:02:01.929+0000] {logging_mixin.py:188} INFO - [2025-07-16T13:02:01.929+0000] {dagbag.py:545} INFO - Filling up the DagBag from /opt/airflow/dags/kafka_to_mysql_dag.py
[2025-07-16T13:02:02.070+0000] {processor.py:840} INFO - DAG(s) 'kafka_to_mysql' retrieved from /opt/airflow/dags/kafka_to_mysql_dag.py
[2025-07-16T13:02:02.103+0000] {logging_mixin.py:188} INFO - [2025-07-16T13:02:02.103+0000] {dag.py:3096} INFO - Sync 1 DAGs
[2025-07-16T13:02:02.133+0000] {logging_mixin.py:188} INFO - [2025-07-16T13:02:02.132+0000] {dag.py:3954} INFO - Setting next_dagrun for kafka_to_mysql to 2023-01-05 15:00:00+00:00, run_after=2023-01-05 16:00:00+00:00
[2025-07-16T13:02:02.162+0000] {processor.py:183} INFO - Processing /opt/airflow/dags/kafka_to_mysql_dag.py took 0.245 seconds
[2025-07-16T13:02:32.326+0000] {processor.py:161} INFO - Started process (PID=64) to work on /opt/airflow/dags/kafka_to_mysql_dag.py
[2025-07-16T13:02:32.328+0000] {processor.py:830} INFO - Processing file /opt/airflow/dags/kafka_to_mysql_dag.py for tasks to queue
[2025-07-16T13:02:32.330+0000] {logging_mixin.py:188} INFO - [2025-07-16T13:02:32.330+0000] {dagbag.py:545} INFO - Filling up the DagBag from /opt/airflow/dags/kafka_to_mysql_dag.py
[2025-07-16T13:02:32.468+0000] {processor.py:840} INFO - DAG(s) 'kafka_to_mysql' retrieved from /opt/airflow/dags/kafka_to_mysql_dag.py
[2025-07-16T13:02:32.502+0000] {logging_mixin.py:188} INFO - [2025-07-16T13:02:32.501+0000] {dag.py:3096} INFO - Sync 1 DAGs
[2025-07-16T13:02:32.529+0000] {logging_mixin.py:188} INFO - [2025-07-16T13:02:32.529+0000] {dag.py:3954} INFO - Setting next_dagrun for kafka_to_mysql to 2023-01-05 15:00:00+00:00, run_after=2023-01-05 16:00:00+00:00
[2025-07-16T13:02:32.557+0000] {processor.py:183} INFO - Processing /opt/airflow/dags/kafka_to_mysql_dag.py took 0.237 seconds
[2025-07-16T13:03:02.635+0000] {processor.py:161} INFO - Started process (PID=66) to work on /opt/airflow/dags/kafka_to_mysql_dag.py
[2025-07-16T13:03:02.637+0000] {processor.py:830} INFO - Processing file /opt/airflow/dags/kafka_to_mysql_dag.py for tasks to queue
[2025-07-16T13:03:02.640+0000] {logging_mixin.py:188} INFO - [2025-07-16T13:03:02.639+0000] {dagbag.py:545} INFO - Filling up the DagBag from /opt/airflow/dags/kafka_to_mysql_dag.py
[2025-07-16T13:03:02.782+0000] {processor.py:840} INFO - DAG(s) 'kafka_to_mysql' retrieved from /opt/airflow/dags/kafka_to_mysql_dag.py
[2025-07-16T13:03:02.813+0000] {logging_mixin.py:188} INFO - [2025-07-16T13:03:02.813+0000] {dag.py:3096} INFO - Sync 1 DAGs
[2025-07-16T13:03:02.840+0000] {logging_mixin.py:188} INFO - [2025-07-16T13:03:02.839+0000] {dag.py:3954} INFO - Setting next_dagrun for kafka_to_mysql to 2023-01-05 15:00:00+00:00, run_after=2023-01-05 16:00:00+00:00
[2025-07-16T13:03:02.867+0000] {processor.py:183} INFO - Processing /opt/airflow/dags/kafka_to_mysql_dag.py took 0.238 seconds
[2025-07-16T13:03:33.158+0000] {processor.py:161} INFO - Started process (PID=68) to work on /opt/airflow/dags/kafka_to_mysql_dag.py
[2025-07-16T13:03:33.160+0000] {processor.py:830} INFO - Processing file /opt/airflow/dags/kafka_to_mysql_dag.py for tasks to queue
[2025-07-16T13:03:33.162+0000] {logging_mixin.py:188} INFO - [2025-07-16T13:03:33.162+0000] {dagbag.py:545} INFO - Filling up the DagBag from /opt/airflow/dags/kafka_to_mysql_dag.py
[2025-07-16T13:03:33.295+0000] {processor.py:840} INFO - DAG(s) 'kafka_to_mysql' retrieved from /opt/airflow/dags/kafka_to_mysql_dag.py
[2025-07-16T13:03:33.326+0000] {logging_mixin.py:188} INFO - [2025-07-16T13:03:33.326+0000] {dag.py:3096} INFO - Sync 1 DAGs
[2025-07-16T13:03:33.353+0000] {logging_mixin.py:188} INFO - [2025-07-16T13:03:33.353+0000] {dag.py:3954} INFO - Setting next_dagrun for kafka_to_mysql to 2023-01-05 15:00:00+00:00, run_after=2023-01-05 16:00:00+00:00
[2025-07-16T13:03:33.381+0000] {processor.py:183} INFO - Processing /opt/airflow/dags/kafka_to_mysql_dag.py took 0.228 seconds
[2025-07-16T13:04:03.478+0000] {processor.py:161} INFO - Started process (PID=70) to work on /opt/airflow/dags/kafka_to_mysql_dag.py
[2025-07-16T13:04:03.480+0000] {processor.py:830} INFO - Processing file /opt/airflow/dags/kafka_to_mysql_dag.py for tasks to queue
[2025-07-16T13:04:03.483+0000] {logging_mixin.py:188} INFO - [2025-07-16T13:04:03.483+0000] {dagbag.py:545} INFO - Filling up the DagBag from /opt/airflow/dags/kafka_to_mysql_dag.py
[2025-07-16T13:04:03.628+0000] {processor.py:840} INFO - DAG(s) 'kafka_to_mysql' retrieved from /opt/airflow/dags/kafka_to_mysql_dag.py
[2025-07-16T13:04:03.660+0000] {logging_mixin.py:188} INFO - [2025-07-16T13:04:03.660+0000] {dag.py:3096} INFO - Sync 1 DAGs
[2025-07-16T13:04:03.687+0000] {logging_mixin.py:188} INFO - [2025-07-16T13:04:03.687+0000] {dag.py:3954} INFO - Setting next_dagrun for kafka_to_mysql to 2023-01-05 15:00:00+00:00, run_after=2023-01-05 16:00:00+00:00
[2025-07-16T13:04:03.716+0000] {processor.py:183} INFO - Processing /opt/airflow/dags/kafka_to_mysql_dag.py took 0.244 seconds
[2025-07-16T13:04:34.029+0000] {processor.py:161} INFO - Started process (PID=72) to work on /opt/airflow/dags/kafka_to_mysql_dag.py
[2025-07-16T13:04:34.030+0000] {processor.py:830} INFO - Processing file /opt/airflow/dags/kafka_to_mysql_dag.py for tasks to queue
[2025-07-16T13:04:34.033+0000] {logging_mixin.py:188} INFO - [2025-07-16T13:04:34.033+0000] {dagbag.py:545} INFO - Filling up the DagBag from /opt/airflow/dags/kafka_to_mysql_dag.py
[2025-07-16T13:04:34.163+0000] {processor.py:840} INFO - DAG(s) 'kafka_to_mysql' retrieved from /opt/airflow/dags/kafka_to_mysql_dag.py
[2025-07-16T13:04:34.194+0000] {logging_mixin.py:188} INFO - [2025-07-16T13:04:34.193+0000] {dag.py:3096} INFO - Sync 1 DAGs
[2025-07-16T13:04:34.221+0000] {logging_mixin.py:188} INFO - [2025-07-16T13:04:34.220+0000] {dag.py:3954} INFO - Setting next_dagrun for kafka_to_mysql to 2023-01-05 15:00:00+00:00, run_after=2023-01-05 16:00:00+00:00
[2025-07-16T13:04:34.249+0000] {processor.py:183} INFO - Processing /opt/airflow/dags/kafka_to_mysql_dag.py took 0.227 seconds
