[2025-07-16T12:29:13.326+0000] {manager.py:470} INFO - Processing files using up to 2 processes at a time 
[2025-07-16T12:29:13.329+0000] {manager.py:471} INFO - Process each file at most once every 30 seconds
[2025-07-16T12:29:13.331+0000] {manager.py:472} INFO - Checking for new files in /opt/airflow/dags every 300 seconds
[2025-07-16T12:29:13.333+0000] {manager.py:737} INFO - Searching for files in /opt/airflow/dags
[2025-07-16T12:29:13.377+0000] {manager.py:740} INFO - There are 1 files in /opt/airflow/dags
[2025-07-16T12:29:13.525+0000] {manager.py:878} INFO - 
================================================================================
DAG File Processing Stats

File Path                                  PID  Runtime      # DAGs    # Errors  Last Runtime    Last Run
---------------------------------------  -----  ---------  --------  ----------  --------------  ----------
/opt/airflow/dags/kafka_to_mysql_dag.py     33  0.06s             0           0
================================================================================
[2025-07-16T12:29:43.768+0000] {manager.py:878} INFO - 
================================================================================
DAG File Processing Stats

File Path                                  PID  Runtime      # DAGs    # Errors  Last Runtime    Last Run
---------------------------------------  -----  ---------  --------  ----------  --------------  -------------------
/opt/airflow/dags/kafka_to_mysql_dag.py     34  0.01s             0           1  0.12s           2025-07-16T12:29:13
================================================================================
[2025-07-16T12:30:14.005+0000] {manager.py:878} INFO - 
================================================================================
DAG File Processing Stats

File Path                                  PID  Runtime      # DAGs    # Errors  Last Runtime    Last Run
---------------------------------------  -----  ---------  --------  ----------  --------------  -------------------
/opt/airflow/dags/kafka_to_mysql_dag.py     35  0.00s             0           1  0.10s           2025-07-16T12:29:43
================================================================================
[2025-07-16T12:30:44.289+0000] {manager.py:878} INFO - 
================================================================================
DAG File Processing Stats

File Path                                  PID  Runtime      # DAGs    # Errors  Last Runtime    Last Run
---------------------------------------  -----  ---------  --------  ----------  --------------  -------------------
/opt/airflow/dags/kafka_to_mysql_dag.py     36  0.00s             0           1  0.10s           2025-07-16T12:30:14
================================================================================
[2025-07-16T12:31:14.534+0000] {manager.py:878} INFO - 
================================================================================
DAG File Processing Stats

File Path                                  PID  Runtime      # DAGs    # Errors  Last Runtime    Last Run
---------------------------------------  -----  ---------  --------  ----------  --------------  -------------------
/opt/airflow/dags/kafka_to_mysql_dag.py     37  0.00s             0           1  0.09s           2025-07-16T12:30:44
================================================================================
[2025-07-16T12:31:44.800+0000] {manager.py:878} INFO - 
================================================================================
DAG File Processing Stats

File Path                                  PID  Runtime      # DAGs    # Errors  Last Runtime    Last Run
---------------------------------------  -----  ---------  --------  ----------  --------------  -------------------
/opt/airflow/dags/kafka_to_mysql_dag.py     38  0.00s             0           1  0.09s           2025-07-16T12:31:14
================================================================================
[2025-07-16T12:32:15.037+0000] {manager.py:878} INFO - 
================================================================================
DAG File Processing Stats

File Path                                  PID  Runtime      # DAGs    # Errors  Last Runtime    Last Run
---------------------------------------  -----  ---------  --------  ----------  --------------  -------------------
/opt/airflow/dags/kafka_to_mysql_dag.py     39  0.00s             0           1  0.09s           2025-07-16T12:31:44
================================================================================
[2025-07-16T12:32:45.315+0000] {manager.py:878} INFO - 
================================================================================
DAG File Processing Stats

File Path                                  PID  Runtime      # DAGs    # Errors  Last Runtime    Last Run
---------------------------------------  -----  ---------  --------  ----------  --------------  -------------------
/opt/airflow/dags/kafka_to_mysql_dag.py     40  0.00s             0           1  0.10s           2025-07-16T12:32:15
================================================================================
[2025-07-16T12:33:15.574+0000] {manager.py:878} INFO - 
================================================================================
DAG File Processing Stats

File Path                                  PID  Runtime      # DAGs    # Errors  Last Runtime    Last Run
---------------------------------------  -----  ---------  --------  ----------  --------------  -------------------
/opt/airflow/dags/kafka_to_mysql_dag.py     41  0.00s             0           1  0.11s           2025-07-16T12:32:45
================================================================================
[2025-07-16T12:33:45.836+0000] {manager.py:878} INFO - 
================================================================================
DAG File Processing Stats

File Path                                  PID  Runtime      # DAGs    # Errors  Last Runtime    Last Run
---------------------------------------  -----  ---------  --------  ----------  --------------  -------------------
/opt/airflow/dags/kafka_to_mysql_dag.py     42  0.01s             0           1  0.10s           2025-07-16T12:33:15
================================================================================
[2025-07-16T12:34:14.047+0000] {manager.py:737} INFO - Searching for files in /opt/airflow/dags
[2025-07-16T12:34:14.075+0000] {manager.py:740} INFO - There are 1 files in /opt/airflow/dags
[2025-07-16T12:34:16.130+0000] {manager.py:878} INFO - 
================================================================================
DAG File Processing Stats

File Path                                  PID  Runtime      # DAGs    # Errors  Last Runtime    Last Run
---------------------------------------  -----  ---------  --------  ----------  --------------  -------------------
/opt/airflow/dags/kafka_to_mysql_dag.py     43  0.00s             0           1  0.10s           2025-07-16T12:33:45
================================================================================
[2025-07-16T12:34:46.376+0000] {manager.py:878} INFO - 
================================================================================
DAG File Processing Stats

File Path                                  PID  Runtime      # DAGs    # Errors  Last Runtime    Last Run
---------------------------------------  -----  ---------  --------  ----------  --------------  -------------------
/opt/airflow/dags/kafka_to_mysql_dag.py     44  0.00s             0           1  0.09s           2025-07-16T12:34:16
================================================================================
[2025-07-16T12:35:16.653+0000] {manager.py:878} INFO - 
================================================================================
DAG File Processing Stats

File Path                                  PID  Runtime      # DAGs    # Errors  Last Runtime    Last Run
---------------------------------------  -----  ---------  --------  ----------  --------------  -------------------
/opt/airflow/dags/kafka_to_mysql_dag.py     45  0.01s             0           1  0.09s           2025-07-16T12:34:46
================================================================================
[2025-07-16T12:35:46.888+0000] {manager.py:878} INFO - 
================================================================================
DAG File Processing Stats

File Path                                  PID  Runtime      # DAGs    # Errors  Last Runtime    Last Run
---------------------------------------  -----  ---------  --------  ----------  --------------  -------------------
/opt/airflow/dags/kafka_to_mysql_dag.py     46  0.00s             0           1  0.09s           2025-07-16T12:35:16
================================================================================
[2025-07-16T12:36:17.160+0000] {manager.py:878} INFO - 
================================================================================
DAG File Processing Stats

File Path                                  PID  Runtime      # DAGs    # Errors  Last Runtime    Last Run
---------------------------------------  -----  ---------  --------  ----------  --------------  -------------------
/opt/airflow/dags/kafka_to_mysql_dag.py     47  0.00s             0           1  0.09s           2025-07-16T12:35:46
================================================================================
[2025-07-16T12:36:47.385+0000] {manager.py:878} INFO - 
================================================================================
DAG File Processing Stats

File Path                                  PID  Runtime      # DAGs    # Errors  Last Runtime    Last Run
---------------------------------------  -----  ---------  --------  ----------  --------------  -------------------
/opt/airflow/dags/kafka_to_mysql_dag.py     48  0.00s             0           1  0.09s           2025-07-16T12:36:17
================================================================================
[2025-07-16T12:37:17.662+0000] {manager.py:878} INFO - 
================================================================================
DAG File Processing Stats

File Path                                  PID  Runtime      # DAGs    # Errors  Last Runtime    Last Run
---------------------------------------  -----  ---------  --------  ----------  --------------  -------------------
/opt/airflow/dags/kafka_to_mysql_dag.py     49  0.00s             0           1  0.10s           2025-07-16T12:36:47
================================================================================
[2025-07-16T12:37:47.933+0000] {manager.py:878} INFO - 
================================================================================
DAG File Processing Stats

File Path                                  PID  Runtime      # DAGs    # Errors  Last Runtime    Last Run
---------------------------------------  -----  ---------  --------  ----------  --------------  -------------------
/opt/airflow/dags/kafka_to_mysql_dag.py     50  0.00s             0           1  0.09s           2025-07-16T12:37:17
================================================================================
[2025-07-16T12:38:18.159+0000] {manager.py:878} INFO - 
================================================================================
DAG File Processing Stats

File Path                                  PID  Runtime      # DAGs    # Errors  Last Runtime    Last Run
---------------------------------------  -----  ---------  --------  ----------  --------------  -------------------
/opt/airflow/dags/kafka_to_mysql_dag.py     51  0.00s             0           1  0.14s           2025-07-16T12:37:48
================================================================================
[2025-07-16T12:38:48.455+0000] {manager.py:878} INFO - 
================================================================================
DAG File Processing Stats

File Path                                  PID  Runtime      # DAGs    # Errors  Last Runtime    Last Run
---------------------------------------  -----  ---------  --------  ----------  --------------  -------------------
/opt/airflow/dags/kafka_to_mysql_dag.py     52  0.00s             0           1  0.09s           2025-07-16T12:38:18
================================================================================
[2025-07-16T12:39:14.657+0000] {manager.py:737} INFO - Searching for files in /opt/airflow/dags
[2025-07-16T12:39:14.692+0000] {manager.py:740} INFO - There are 1 files in /opt/airflow/dags
[2025-07-16T12:39:18.747+0000] {manager.py:878} INFO - 
================================================================================
DAG File Processing Stats

File Path                                  PID  Runtime      # DAGs    # Errors  Last Runtime    Last Run
---------------------------------------  -----  ---------  --------  ----------  --------------  -------------------
/opt/airflow/dags/kafka_to_mysql_dag.py     53  0.01s             0           1  0.09s           2025-07-16T12:38:48
================================================================================
[2025-07-16T12:39:26.565+0000] {manager.py:452} INFO - Exiting gracefully upon receiving signal 15
[2025-07-16T12:41:33.700+0000] {manager.py:470} INFO - Processing files using up to 2 processes at a time 
[2025-07-16T12:41:33.702+0000] {manager.py:471} INFO - Process each file at most once every 30 seconds
[2025-07-16T12:41:33.704+0000] {manager.py:472} INFO - Checking for new files in /opt/airflow/dags every 300 seconds
[2025-07-16T12:41:33.707+0000] {manager.py:737} INFO - Searching for files in /opt/airflow/dags
[2025-07-16T12:41:33.760+0000] {manager.py:740} INFO - There are 1 files in /opt/airflow/dags
[2025-07-16T12:41:33.937+0000] {manager.py:878} INFO - 
================================================================================
DAG File Processing Stats

File Path                                  PID  Runtime      # DAGs    # Errors  Last Runtime    Last Run
---------------------------------------  -----  ---------  --------  ----------  --------------  ----------
/opt/airflow/dags/kafka_to_mysql_dag.py     33  0.08s             0           0
================================================================================
[2025-07-16T12:42:04.168+0000] {manager.py:878} INFO - 
================================================================================
DAG File Processing Stats

File Path                                  PID  Runtime      # DAGs    # Errors  Last Runtime    Last Run
---------------------------------------  -----  ---------  --------  ----------  --------------  -------------------
/opt/airflow/dags/kafka_to_mysql_dag.py     34  0.01s             0           1  0.17s           2025-07-16T12:41:34
================================================================================
[2025-07-16T12:42:34.423+0000] {manager.py:878} INFO - 
================================================================================
DAG File Processing Stats

File Path                                  PID  Runtime      # DAGs    # Errors  Last Runtime    Last Run
---------------------------------------  -----  ---------  --------  ----------  --------------  -------------------
/opt/airflow/dags/kafka_to_mysql_dag.py     35  0.00s             0           1  0.10s           2025-07-16T12:42:04
================================================================================
[2025-07-16T12:43:04.681+0000] {manager.py:878} INFO - 
================================================================================
DAG File Processing Stats

File Path                                  PID  Runtime      # DAGs    # Errors  Last Runtime    Last Run
---------------------------------------  -----  ---------  --------  ----------  --------------  -------------------
/opt/airflow/dags/kafka_to_mysql_dag.py     36  0.01s             0           1  0.09s           2025-07-16T12:42:34
================================================================================
[2025-07-16T12:43:34.946+0000] {manager.py:878} INFO - 
================================================================================
DAG File Processing Stats

File Path                                  PID  Runtime      # DAGs    # Errors  Last Runtime    Last Run
---------------------------------------  -----  ---------  --------  ----------  --------------  -------------------
/opt/airflow/dags/kafka_to_mysql_dag.py     37  0.01s             0           1  0.13s           2025-07-16T12:43:04
================================================================================
[2025-07-16T12:44:05.246+0000] {manager.py:878} INFO - 
================================================================================
DAG File Processing Stats

File Path                                  PID  Runtime      # DAGs    # Errors  Last Runtime    Last Run
---------------------------------------  -----  ---------  --------  ----------  --------------  -------------------
/opt/airflow/dags/kafka_to_mysql_dag.py     38  0.01s             0           1  0.12s           2025-07-16T12:43:35
================================================================================
[2025-07-16T12:44:35.488+0000] {manager.py:878} INFO - 
================================================================================
DAG File Processing Stats

File Path                                  PID  Runtime      # DAGs    # Errors  Last Runtime    Last Run
---------------------------------------  -----  ---------  --------  ----------  --------------  -------------------
/opt/airflow/dags/kafka_to_mysql_dag.py     39  0.01s             0           1  0.15s           2025-07-16T12:44:05
================================================================================
[2025-07-16T12:45:05.773+0000] {manager.py:878} INFO - 
================================================================================
DAG File Processing Stats

File Path                                  PID  Runtime      # DAGs    # Errors  Last Runtime    Last Run
---------------------------------------  -----  ---------  --------  ----------  --------------  -------------------
/opt/airflow/dags/kafka_to_mysql_dag.py     40  0.00s             0           1  0.10s           2025-07-16T12:44:35
================================================================================
[2025-07-16T12:45:36.000+0000] {manager.py:878} INFO - 
================================================================================
DAG File Processing Stats

File Path                                  PID  Runtime      # DAGs    # Errors  Last Runtime    Last Run
---------------------------------------  -----  ---------  --------  ----------  --------------  -------------------
/opt/airflow/dags/kafka_to_mysql_dag.py     41  0.00s             0           1  0.09s           2025-07-16T12:45:05
================================================================================
[2025-07-16T12:46:06.258+0000] {manager.py:878} INFO - 
================================================================================
DAG File Processing Stats

File Path                                  PID  Runtime      # DAGs    # Errors  Last Runtime    Last Run
---------------------------------------  -----  ---------  --------  ----------  --------------  -------------------
/opt/airflow/dags/kafka_to_mysql_dag.py     42  0.00s             0           1  0.09s           2025-07-16T12:45:36
================================================================================
[2025-07-16T12:46:34.462+0000] {manager.py:737} INFO - Searching for files in /opt/airflow/dags
[2025-07-16T12:46:34.497+0000] {manager.py:740} INFO - There are 1 files in /opt/airflow/dags
[2025-07-16T12:46:36.548+0000] {manager.py:878} INFO - 
================================================================================
DAG File Processing Stats

File Path                                  PID  Runtime      # DAGs    # Errors  Last Runtime    Last Run
---------------------------------------  -----  ---------  --------  ----------  --------------  -------------------
/opt/airflow/dags/kafka_to_mysql_dag.py     43  0.01s             0           1  0.11s           2025-07-16T12:46:06
================================================================================
[2025-07-16T12:47:06.771+0000] {manager.py:878} INFO - 
================================================================================
DAG File Processing Stats

File Path                                  PID  Runtime      # DAGs    # Errors  Last Runtime    Last Run
---------------------------------------  -----  ---------  --------  ----------  --------------  -------------------
/opt/airflow/dags/kafka_to_mysql_dag.py     44  0.01s             0           1  0.10s           2025-07-16T12:46:36
================================================================================
[2025-07-16T12:47:37.057+0000] {manager.py:878} INFO - 
================================================================================
DAG File Processing Stats

File Path                                  PID  Runtime      # DAGs    # Errors  Last Runtime    Last Run
---------------------------------------  -----  ---------  --------  ----------  --------------  -------------------
/opt/airflow/dags/kafka_to_mysql_dag.py     45  0.01s             0           1  0.09s           2025-07-16T12:47:06
================================================================================
[2025-07-16T12:48:07.299+0000] {manager.py:878} INFO - 
================================================================================
DAG File Processing Stats

File Path                                  PID  Runtime      # DAGs    # Errors  Last Runtime    Last Run
---------------------------------------  -----  ---------  --------  ----------  --------------  -------------------
/opt/airflow/dags/kafka_to_mysql_dag.py     46  0.01s             0           1  0.10s           2025-07-16T12:47:37
================================================================================
[2025-07-16T12:48:37.573+0000] {manager.py:878} INFO - 
================================================================================
DAG File Processing Stats

File Path                                  PID  Runtime      # DAGs    # Errors  Last Runtime    Last Run
---------------------------------------  -----  ---------  --------  ----------  --------------  -------------------
/opt/airflow/dags/kafka_to_mysql_dag.py     47  0.00s             0           1  0.11s           2025-07-16T12:48:07
================================================================================
[2025-07-16T12:49:07.833+0000] {manager.py:878} INFO - 
================================================================================
DAG File Processing Stats

File Path                                  PID  Runtime      # DAGs    # Errors  Last Runtime    Last Run
---------------------------------------  -----  ---------  --------  ----------  --------------  -------------------
/opt/airflow/dags/kafka_to_mysql_dag.py     48  0.01s             0           1  0.09s           2025-07-16T12:48:37
================================================================================
[2025-07-16T12:49:10.253+0000] {manager.py:452} INFO - Exiting gracefully upon receiving signal 15
[2025-07-16T12:50:47.323+0000] {manager.py:470} INFO - Processing files using up to 2 processes at a time 
[2025-07-16T12:50:47.326+0000] {manager.py:471} INFO - Process each file at most once every 30 seconds
[2025-07-16T12:50:47.328+0000] {manager.py:472} INFO - Checking for new files in /opt/airflow/dags every 300 seconds
[2025-07-16T12:50:47.331+0000] {manager.py:737} INFO - Searching for files in /opt/airflow/dags
[2025-07-16T12:50:47.386+0000] {manager.py:740} INFO - There are 1 files in /opt/airflow/dags
[2025-07-16T12:50:47.555+0000] {manager.py:878} INFO - 
================================================================================
DAG File Processing Stats

File Path                                  PID  Runtime      # DAGs    # Errors  Last Runtime    Last Run
---------------------------------------  -----  ---------  --------  ----------  --------------  ----------
/opt/airflow/dags/kafka_to_mysql_dag.py     33  0.07s             0           0
================================================================================
[2025-07-16T12:51:17.564+0000] {manager.py:878} INFO - 
================================================================================
DAG File Processing Stats

File Path                                PID    Runtime      # DAGs    # Errors  Last Runtime    Last Run
---------------------------------------  -----  ---------  --------  ----------  --------------  -------------------
/opt/airflow/dags/kafka_to_mysql_dag.py                           1           0  0.89s           2025-07-16T12:50:48
================================================================================
[2025-07-16T12:51:47.916+0000] {manager.py:878} INFO - 
================================================================================
DAG File Processing Stats

File Path                                PID    Runtime      # DAGs    # Errors  Last Runtime    Last Run
---------------------------------------  -----  ---------  --------  ----------  --------------  -------------------
/opt/airflow/dags/kafka_to_mysql_dag.py                           1           0  0.44s           2025-07-16T12:51:19
================================================================================
[2025-07-16T12:52:18.430+0000] {manager.py:878} INFO - 
================================================================================
DAG File Processing Stats

File Path                                PID    Runtime      # DAGs    # Errors  Last Runtime    Last Run
---------------------------------------  -----  ---------  --------  ----------  --------------  -------------------
/opt/airflow/dags/kafka_to_mysql_dag.py                           1           0  0.30s           2025-07-16T12:51:49
================================================================================
[2025-07-16T12:52:48.945+0000] {manager.py:878} INFO - 
================================================================================
DAG File Processing Stats

File Path                                PID    Runtime      # DAGs    # Errors  Last Runtime    Last Run
---------------------------------------  -----  ---------  --------  ----------  --------------  -------------------
/opt/airflow/dags/kafka_to_mysql_dag.py                           1           0  0.31s           2025-07-16T12:52:20
================================================================================
[2025-07-16T12:53:19.053+0000] {manager.py:878} INFO - 
================================================================================
DAG File Processing Stats

File Path                                PID    Runtime      # DAGs    # Errors  Last Runtime    Last Run
---------------------------------------  -----  ---------  --------  ----------  --------------  -------------------
/opt/airflow/dags/kafka_to_mysql_dag.py                           1           0  1.55s           2025-07-16T12:52:51
================================================================================
[2025-07-16T12:53:49.440+0000] {manager.py:878} INFO - 
================================================================================
DAG File Processing Stats

File Path                                PID    Runtime      # DAGs    # Errors  Last Runtime    Last Run
---------------------------------------  -----  ---------  --------  ----------  --------------  -------------------
/opt/airflow/dags/kafka_to_mysql_dag.py                           1           0  1.03s           2025-07-16T12:53:23
================================================================================
[2025-07-16T12:54:19.731+0000] {manager.py:878} INFO - 
================================================================================
DAG File Processing Stats

File Path                                PID    Runtime      # DAGs    # Errors  Last Runtime    Last Run
---------------------------------------  -----  ---------  --------  ----------  --------------  -------------------
/opt/airflow/dags/kafka_to_mysql_dag.py                           1           0  0.41s           2025-07-16T12:53:53
================================================================================
[2025-07-16T12:54:49.903+0000] {manager.py:878} INFO - 
================================================================================
DAG File Processing Stats

File Path                                PID    Runtime      # DAGs    # Errors  Last Runtime    Last Run
---------------------------------------  -----  ---------  --------  ----------  --------------  -------------------
/opt/airflow/dags/kafka_to_mysql_dag.py                           1           0  0.60s           2025-07-16T12:54:24
================================================================================
[2025-07-16T12:55:20.113+0000] {manager.py:878} INFO - 
================================================================================
DAG File Processing Stats

File Path                                PID    Runtime      # DAGs    # Errors  Last Runtime    Last Run
---------------------------------------  -----  ---------  --------  ----------  --------------  -------------------
/opt/airflow/dags/kafka_to_mysql_dag.py                           1           0  0.28s           2025-07-16T12:54:55
================================================================================
[2025-07-16T12:55:47.556+0000] {manager.py:737} INFO - Searching for files in /opt/airflow/dags
[2025-07-16T12:55:47.592+0000] {manager.py:740} INFO - There are 1 files in /opt/airflow/dags
[2025-07-16T12:55:50.633+0000] {manager.py:878} INFO - 
================================================================================
DAG File Processing Stats

File Path                                PID    Runtime      # DAGs    # Errors  Last Runtime    Last Run
---------------------------------------  -----  ---------  --------  ----------  --------------  -------------------
/opt/airflow/dags/kafka_to_mysql_dag.py                           1           0  0.29s           2025-07-16T12:55:25
================================================================================
[2025-07-16T12:56:21.081+0000] {manager.py:878} INFO - 
================================================================================
DAG File Processing Stats

File Path                                PID    Runtime      # DAGs    # Errors  Last Runtime    Last Run
---------------------------------------  -----  ---------  --------  ----------  --------------  -------------------
/opt/airflow/dags/kafka_to_mysql_dag.py                           1           0  0.25s           2025-07-16T12:55:56
================================================================================
[2025-07-16T12:56:51.528+0000] {manager.py:878} INFO - 
================================================================================
DAG File Processing Stats

File Path                                PID    Runtime      # DAGs    # Errors  Last Runtime    Last Run
---------------------------------------  -----  ---------  --------  ----------  --------------  -------------------
/opt/airflow/dags/kafka_to_mysql_dag.py                           1           0  0.27s           2025-07-16T12:56:26
================================================================================
[2025-07-16T12:57:22.025+0000] {manager.py:878} INFO - 
================================================================================
DAG File Processing Stats

File Path                                PID    Runtime      # DAGs    # Errors  Last Runtime    Last Run
---------------------------------------  -----  ---------  --------  ----------  --------------  -------------------
/opt/airflow/dags/kafka_to_mysql_dag.py                           1           0  0.25s           2025-07-16T12:56:57
================================================================================
[2025-07-16T12:57:52.457+0000] {manager.py:878} INFO - 
================================================================================
DAG File Processing Stats

File Path                                PID    Runtime      # DAGs    # Errors  Last Runtime    Last Run
---------------------------------------  -----  ---------  --------  ----------  --------------  -------------------
/opt/airflow/dags/kafka_to_mysql_dag.py                           1           0  0.41s           2025-07-16T12:57:27
================================================================================
[2025-07-16T12:58:23.093+0000] {manager.py:878} INFO - 
================================================================================
DAG File Processing Stats

File Path                                PID    Runtime      # DAGs    # Errors  Last Runtime    Last Run
---------------------------------------  -----  ---------  --------  ----------  --------------  -------------------
/opt/airflow/dags/kafka_to_mysql_dag.py                           1           0  0.32s           2025-07-16T12:57:58
================================================================================
[2025-07-16T12:58:53.614+0000] {manager.py:878} INFO - 
================================================================================
DAG File Processing Stats

File Path                                PID    Runtime      # DAGs    # Errors  Last Runtime    Last Run
---------------------------------------  -----  ---------  --------  ----------  --------------  -------------------
/opt/airflow/dags/kafka_to_mysql_dag.py                           1           0  0.25s           2025-07-16T12:58:28
================================================================================
[2025-07-16T12:59:24.053+0000] {manager.py:878} INFO - 
================================================================================
DAG File Processing Stats

File Path                                PID    Runtime      # DAGs    # Errors  Last Runtime    Last Run
---------------------------------------  -----  ---------  --------  ----------  --------------  -------------------
/opt/airflow/dags/kafka_to_mysql_dag.py                           1           0  0.29s           2025-07-16T12:58:59
================================================================================
[2025-07-16T12:59:54.601+0000] {manager.py:878} INFO - 
================================================================================
DAG File Processing Stats

File Path                                PID    Runtime      # DAGs    # Errors  Last Runtime    Last Run
---------------------------------------  -----  ---------  --------  ----------  --------------  -------------------
/opt/airflow/dags/kafka_to_mysql_dag.py                           1           0  0.27s           2025-07-16T12:59:29
================================================================================
[2025-07-16T13:00:25.117+0000] {manager.py:878} INFO - 
================================================================================
DAG File Processing Stats

File Path                                PID    Runtime      # DAGs    # Errors  Last Runtime    Last Run
---------------------------------------  -----  ---------  --------  ----------  --------------  -------------------
/opt/airflow/dags/kafka_to_mysql_dag.py                           1           0  0.25s           2025-07-16T12:59:59
================================================================================
[2025-07-16T13:00:47.575+0000] {manager.py:737} INFO - Searching for files in /opt/airflow/dags
[2025-07-16T13:00:47.650+0000] {manager.py:740} INFO - There are 2 files in /opt/airflow/dags
[2025-07-16T13:00:55.755+0000] {manager.py:878} INFO - 
================================================================================
DAG File Processing Stats

File Path                                PID    Runtime      # DAGs    # Errors  Last Runtime    Last Run
---------------------------------------  -----  ---------  --------  ----------  --------------  -------------------
/opt/airflow/dags/kafka_to_mysql_dag.py                           1           0  0.31s           2025-07-16T13:00:30
/opt/airflow/dags/hello_airflow_dag.py                            1           0  0.25s           2025-07-16T13:00:47
================================================================================
[2025-07-16T13:01:26.306+0000] {manager.py:878} INFO - 
================================================================================
DAG File Processing Stats

File Path                                PID    Runtime      # DAGs    # Errors  Last Runtime    Last Run
---------------------------------------  -----  ---------  --------  ----------  --------------  -------------------
/opt/airflow/dags/kafka_to_mysql_dag.py                           1           0  0.30s           2025-07-16T13:01:01
/opt/airflow/dags/hello_airflow_dag.py                            1           0  0.20s           2025-07-16T13:01:18
================================================================================
[2025-07-16T13:01:56.839+0000] {manager.py:878} INFO - 
================================================================================
DAG File Processing Stats

File Path                                PID    Runtime      # DAGs    # Errors  Last Runtime    Last Run
---------------------------------------  -----  ---------  --------  ----------  --------------  -------------------
/opt/airflow/dags/kafka_to_mysql_dag.py                           1           0  0.27s           2025-07-16T13:01:31
/opt/airflow/dags/hello_airflow_dag.py                            1           0  0.16s           2025-07-16T13:01:48
================================================================================
[2025-07-16T13:02:27.104+0000] {manager.py:878} INFO - 
================================================================================
DAG File Processing Stats

File Path                                PID    Runtime      # DAGs    # Errors  Last Runtime    Last Run
---------------------------------------  -----  ---------  --------  ----------  --------------  -------------------
/opt/airflow/dags/kafka_to_mysql_dag.py                           1           0  0.28s           2025-07-16T13:02:02
/opt/airflow/dags/hello_airflow_dag.py                            1           0  0.15s           2025-07-16T13:02:19
================================================================================
[2025-07-16T13:02:57.548+0000] {manager.py:878} INFO - 
================================================================================
DAG File Processing Stats

File Path                                PID    Runtime      # DAGs    # Errors  Last Runtime    Last Run
---------------------------------------  -----  ---------  --------  ----------  --------------  -------------------
/opt/airflow/dags/kafka_to_mysql_dag.py                           1           0  0.27s           2025-07-16T13:02:32
/opt/airflow/dags/hello_airflow_dag.py                            1           0  0.15s           2025-07-16T13:02:49
================================================================================
[2025-07-16T13:03:28.073+0000] {manager.py:878} INFO - 
================================================================================
DAG File Processing Stats

File Path                                PID    Runtime      # DAGs    # Errors  Last Runtime    Last Run
---------------------------------------  -----  ---------  --------  ----------  --------------  -------------------
/opt/airflow/dags/kafka_to_mysql_dag.py                           1           0  0.27s           2025-07-16T13:03:02
/opt/airflow/dags/hello_airflow_dag.py                            1           0  0.16s           2025-07-16T13:03:20
================================================================================
[2025-07-16T13:03:58.400+0000] {manager.py:878} INFO - 
================================================================================
DAG File Processing Stats

File Path                                PID    Runtime      # DAGs    # Errors  Last Runtime    Last Run
---------------------------------------  -----  ---------  --------  ----------  --------------  -------------------
/opt/airflow/dags/kafka_to_mysql_dag.py                           1           0  0.26s           2025-07-16T13:03:33
/opt/airflow/dags/hello_airflow_dag.py                            1           0  0.17s           2025-07-16T13:03:50
================================================================================
[2025-07-16T13:04:28.945+0000] {manager.py:878} INFO - 
================================================================================
DAG File Processing Stats

File Path                                PID    Runtime      # DAGs    # Errors  Last Runtime    Last Run
---------------------------------------  -----  ---------  --------  ----------  --------------  -------------------
/opt/airflow/dags/kafka_to_mysql_dag.py                           1           0  0.27s           2025-07-16T13:04:03
/opt/airflow/dags/hello_airflow_dag.py                            1           0  0.18s           2025-07-16T13:04:20
================================================================================
[2025-07-16T13:04:52.612+0000] {manager.py:452} INFO - Exiting gracefully upon receiving signal 15
